603
16 0
16 46
61 46
61 61
132 61
132 98
194 98
194 192
350 192
350 272
379 272
379 369
423 369
423 463
489 463
489 545
548 545
548 578
572 578
572 616
649 616
649 678
697 678
697 726
774 726
774 760
831 760
831 818
883 818
883 899
962 899
962 934
1073 934
1073 985
1122 985
1122 1042
1169 1042
1169 1097
1208 1097
1208 1152
1257 1152
1257 1253
1296 1253
1296 1365
1349 1365
1349 1417
1455 1417
1455 1530
1523 1530
1523 1596
1558 1596
1558 1661
1624 1661
1624 1705
1691 1705
1691 1764
1780 1764
1780 1825
1814 1825
1814 1911
1890 1911
1890 2029
1975 2029
1975 2048
2049 2048
2049 2111
2098 2111
2098 2211
2148 2211
2148 2303
2199 2303
2199 2343
2256 2343
2256 2364
2337 2364
2337 2484
2371 2484
2371 2514
2517 2514
2517 2637
2582 2637
2582 2719
2602 2719
2602 2762
2684 2762
2684 2873
2780 2873
2780 2898
2817 2898
2817 2997
2843 2997
2843 3053
2934 3053
2934 3153
2968 3153
2968 3186
3008 3186
3008 3284
3211 3284
3211 3394
3317 3394
3317 3454
3386 3454
3386 3475
3487 3475
3487 3514
3571 3514
3571 3612
3620 3612
3620 3719
3744 3719
3744 3736
3775 3736
3775 3819
3882 3819
3882 3927
3922 3927
3922 3964
3985 3964
3985 4116
4120 4116
4120 4174
4157 4174
4157 4212
4271 4212
4271 4233
4331 4233
4331 4366
4411 4366
4411 4382
4437 4382
4437 4449
4508 4449
4508 4525
4600 4525
4600 4601
4659 4601
4659 4666
4688 4666
4688 4709
4887 4709
4887 4738
4997 4738
4997 4797
5041 4797
5041 4829
5145 4829
5145 4888
5222 4888
5222 4950
5309 4950
5309 5064
5347 5064
5347 5130
5431 5130
5431 5176
5541 5176
5541 5246
5603 5246
5603 5265
5627 5265
5627 5302
5719 5302
5719 5394
5771 5394
5771 5523
5819 5523
5819 5572
5834 5572
5834 5659
5929 5659
5929 5765
5993 5765
5993 5804
6039 5804
6039 5848
6065 5848
6065 6028
6157 6028
6157 6124
6229 6124
6229 6186
6252 6186
6252 6250
6328 6250
6328 6271
6439 6271
6439 6358
6452 6358
6452 6428
6534 6428
6534 6453
6619 6453
6619 6512
6658 6512
6658 6551
6779 6551
6779 6572
6812 6572
6812 6654
6854 6654
6854 6691
6944 6691
6944 6815
6975 6815
6975 6839
7014 6839
7014 6970
7107 6970
7107 7015
7159 7015
7159 7101
7203 7101
7203 7196
7293 7196
7293 7235
7341 7235
7341 7262
7390 7262
7390 7361
7417 7361
7417 7395
7466 7395
7466 7465
7542 7465
7542 7512
7611 7512
7611 7544
7747 7544
7747 7678
7833 7678
7833 7756
7866 7756
7866 7827
7918 7827
7918 7932
7932 7932
7932 7953
8006 7953
8006 8001
8078 8001
8078 8035
8137 8035
8137 8107
8267 8107
8267 8176
8343 8176
8343 8242
8401 8242
8401 8313
8446 8313
8446 8372
8544 8372
8544 8449
8622 8449
8622 8505
8794 8505
8794 8631
8842 8631
8842 8692
8878 8692
8878 8731
8944 8731
8944 8925
9021 8925
9021 8992
9078 8992
9078 9045
9144 9045
9144 9137
9240 9137
9240 9157
9353 9157
9353 9293
9468 9293
9468 9412
9526 9412
9526 9468
9564 9468
9564 9496
9612 9496
9612 9617
9765 9617
9765 9706
9830 9706
9830 9750
9859 9750
9859 9785
9896 9785
9896 9810
9915 9810
9915 9922
9956 9922
9956 9948
9979 9948
9979 9977
10001 9977
10001 9970
12 9970
22 9970
22 9944
128 9944
128 9849
178 9849
178 9786
241 9786
241 9758
344 9758
344 9727
363 9727
363 9666
394 9666
394 9630
420 9630
420 9590
483 9590
483 9486
551 9486
551 9441
587 9441
587 9394
606 9394
606 9368
656 9368
656 9332
799 9332
799 9163
842 9163
842 9149
909 9149
909 9080
1031 9080
1031 9012
1090 9012
1090 8950
1139 8950
1139 8783
1160 8783
1160 8736
1201 8736
1201 8704
1258 8704
1258 8687
1289 8687
1289 8563
1415 8563
1415 8527
1476 8527
1476 8509
1501 8509
1501 8433
1559 8433
1559 8364
1629 8364
1629 8310
1666 8310
1666 8257
1804 8257
1804 8177
1892 8177
1892 8102
1972 8102
1972 8075
2085 8075
2085 7991
2189 7991
2189 7876
2244 7876
2244 7828
2272 7828
2272 7717
2360 7717
2360 7647
2452 7647
2452 7509
2607 7509
2607 7402
2673 7402
2673 7368
2784 7368
2784 7265
2832 7265
2832 7167
2967 7167
2967 7032
3014 7032
3014 7006
3162 7006
3162 6890
3216 6890
3216 6852
3282 6852
3282 6820
3388 6820
3388 6749
3515 6749
3515 6675
3573 6675
3573 6630
3606 6630
3606 6567
3659 6567
3659 6523
3743 6523
3743 6467
3768 6467
3768 6446
3811 6446
3811 6419
3867 6419
3867 6330
3923 6330
3923 6262
4007 6262
4007 6182
4063 6182
4063 6088
4133 6088
4133 5983
4181 5983
4181 5837
4294 5837
4294 5768
4330 5768
4330 5738
4414 5738
4414 5654
4433 5654
4433 5591
4552 5591
4552 5524
4580 5524
4580 5432
4626 5432
4626 5296
4850 5296
4850 5245
4998 5245
4998 5164
5044 5164
5044 5135
5128 5135
5128 5022
5214 5022
5214 4966
5248 4966
5248 4931
5289 4931
5289 4895
5311 4895
5311 4877
5346 4877
5346 4819
5430 4819
5430 4795
5522 4795
5522 4739
5617 4739
5617 4661
5631 4661
5631 4606
5710 4606
5710 4558
5777 4558
5777 4524
5797 4524
5797 4497
5827 4497
5827 4422
5934 4422
5934 4338
5963 4338
5963 4277
6012 4277
6012 4213
6063 4213
6063 4181
6125 4181
6125 4154
6193 4154
6193 4120
6224 4120
6224 4104
6256 4104
6256 4001
6321 4001
6321 3965
6385 3965
6385 3921
6434 3921
6434 3886
6454 3886
6454 3779
6572 3779
6572 3715
6656 3715
6656 3687
6773 3687
6773 3646
6819 3646
6819 3616
6851 3616
6851 3494
6948 3494
6948 3430
7018 3430
7018 3390
7068 3390
7068 3285
7093 3285
7093 3225
7130 3225
7130 3207
7163 3207
7163 3160
7198 3160
7198 3118
7224 3118
7224 3048
7297 3048
7297 2994
7343 2994
7343 2887
7394 2887
7394 2869
7412 2869
7412 2754
7548 2754
7548 2654
7599 2654
7599 2594
7648 2594
7648 2510
7746 2510
7746 2497
7821 2497
7821 2418
7850 2418
7850 2367
7905 2367
7905 2316
7935 2316
7935 2285
8002 2285
8002 2200
8037 2200
8037 2112
8094 2112
8094 2046
8254 2046
8254 1910
8303 1910
8303 1818
8351 1818
8351 1729
8405 1729
8405 1666
8612 1666
8612 1563
8630 1563
8630 1532
8720 1532
8720 1414
8772 1414
8772 1367
8810 1367
8810 1268
8855 1268
8855 1129
8935 1129
8935 1058
8990 1058
8990 1006
9056 1006
9056 909
9166 909
9166 875
9334 875
9334 764
9359 764
9359 721
9396 721
9396 671
9452 671
9452 635
9479 635
9479 604
9503 604
9503 577
9559 577
9559 549
9635 549
9635 365
9762 365
9762 282
9826 282
9826 225
9854 225
9854 125
9905 125
9905 70
9950 70
9950 67
