5005
2640 0
2640 10910
12200 10910
12200 11732
12438 11732
12438 12429
13554 12429
13554 14192
14323 14192
14323 23746
7 23746
7 24989
24994 24989
24994 3
14 3
14 24987
24991 24987
24991 14
17 14
17 24973
24980 24973
24980 22
25 22
25 24972
24971 24972
24971 23
27 23
27 24970
24970 24970
24970 25
28 25
28 24962
24965 24962
24965 27
33 27
33 24957
24963 24957
24963 28
36 28
36 24943
24962 24943
24962 31
39 31
39 24940
24945 24940
24945 32
41 32
41 24936
24932 24936
24932 35
44 35
44 24929
24928 24929
24928 36
53 36
53 24925
24925 24925
24925 48
55 48
55 24921
24917 24921
24917 52
56 52
56 24919
24915 24919
24915 54
59 54
59 24917
24910 24917
24910 56
69 56
69 24903
24906 24903
24906 70
72 70
72 24899
24895 24899
24895 71
73 71
73 24896
24884 24896
24884 88
75 88
75 24886
24871 24886
24871 97
77 97
77 24883
24870 24883
24870 102
79 102
79 24878
24864 24878
24864 104
80 104
80 24874
24860 24874
24860 105
84 105
84 24873
24855 24873
24855 109
86 109
86 24867
24840 24867
24840 115
92 115
92 24863
24833 24863
24833 118
99 118
99 24857
24832 24857
24832 123
100 123
100 24845
24831 24845
24831 125
105 125
105 24841
24823 24841
24823 127
108 127
108 24840
24821 24840
24821 129
110 129
110 24839
24809 24839
24809 132
114 132
114 24832
24807 24832
24807 134
116 134
116 24826
24795 24826
24795 140
118 140
118 24819
24793 24819
24793 148
125 148
125 24818
24792 24818
24792 150
131 150
131 24814
24790 24814
24790 151
134 151
134 24809
24787 24809
24787 152
135 152
135 24808
24785 24808
24785 156
138 156
138 24807
24784 24807
24784 175
141 175
141 24804
24781 24804
24781 180
146 180
146 24800
24779 24800
24779 183
150 183
150 24798
24773 24798
24773 185
154 185
154 24796
24770 24796
24770 193
163 193
163 24788
24756 24788
24756 198
165 198
165 24787
24752 24787
24752 222
174 222
174 24786
24743 24786
24743 224
177 224
177 24780
24741 24780
24741 236
180 236
180 24774
24733 24774
24733 243
182 243
182 24771
24722 24771
24722 245
188 245
188 24770
24721 24770
24721 246
189 246
189 24768
24709 24768
24709 253
197 253
197 24766
24701 24766
24701 254
198 254
198 24761
24700 24761
24700 255
200 255
200 24760
24686 24760
24686 257
207 257
207 24754
24682 24754
24682 261
208 261
208 24747
24675 24747
24675 266
210 266
210 24737
24670 24737
24670 267
211 267
211 24736
24665 24736
24665 269
219 269
219 24729
24663 24729
24663 271
221 271
221 24722
24660 24722
24660 273
226 273
226 24713
24658 24713
24658 281
231 281
231 24706
24652 24706
24652 282
234 282
234 24699
24649 24699
24649 298
237 298
237 24691
24644 24691
24644 299
246 299
246 24686
24639 24686
24639 313
250 313
250 24684
24632 24684
24632 321
252 321
252 24683
24630 24683
24630 325
258 325
258 24682
24604 24682
24604 333
261 333
261 24673
24603 24673
24603 334
263 334
263 24670
24591 24670
24591 340
264 340
264 24666
24588 24666
24588 347
272 347
272 24662
24587 24662
24587 350
285 350
285 24660
24585 24660
24585 354
294 354
294 24657
24573 24657
24573 368
299 368
299 24654
24563 24654
24563 384
302 384
302 24651
24558 24651
24558 391
312 391
312 24650
24551 24650
24551 407
313 407
313 24624
24541 24624
24541 408
314 408
314 24623
24539 24623
24539 409
315 409
315 24616
24535 24616
24535 411
318 411
318 24612
24528 24612
24528 412
322 412
322 24609
24525 24609
24525 419
341 419
341 24607
24520 24607
24520 421
344 421
344 24603
24517 24603
24517 426
347 426
347 24592
24516 24592
24516 427
353 427
353 24590
24514 24590
24514 434
356 434
356 24589
24494 24589
24494 437
360 437
360 24588
24489 24588
24489 438
363 438
363 24575
24485 24575
24485 439
374 439
374 24573
24484 24573
24484 444
376 444
376 24572
24481 24572
24481 450
379 450
379 24569
24473 24569
24473 453
386 453
386 24565
24470 24565
24470 455
391 455
391 24564
24467 24564
24467 460
393 460
393 24563
24458 24563
24458 465
403 465
403 24544
24452 24544
24452 468
419 468
419 24541
24451 24541
24451 471
425 471
425 24522
24444 24522
24444 476
433 476
433 24517
24441 24517
24441 477
436 477
436 24514
24438 24514
24438 481
441 481
441 24512
24437 24512
24437 488
452 488
452 24509
24435 24509
24435 489
458 489
458 24505
24434 24505
24434 492
463 492
463 24503
24426 24503
24426 493
465 493
465 24502
24417 24502
24417 496
467 496
467 24499
24416 24499
24416 499
471 499
471 24494
24412 24494
24412 505
476 505
476 24478
24410 24478
24410 517
484 517
484 24472
24404 24472
24404 529
496 529
496 24471
24396 24471
24396 539
497 539
497 24467
24395 24467
24395 540
506 540
506 24464
24391 24464
24391 543
511 543
511 24460
24382 24460
24382 554
515 554
515 24454
24381 24454
24381 561
532 561
532 24448
24374 24448
24374 563
542 563
542 24444
24373 24444
24373 567
553 567
553 24441
24356 24441
24356 572
565 572
565 24437
24349 24437
24349 579
570 579
570 24434
24346 24434
24346 580
576 580
576 24430
24342 24430
24342 584
579 584
579 24426
24341 24426
24341 594
606 594
606 24424
24334 24424
24334 607
608 607
608 24421
24326 24421
24326 608
609 608
609 24418
24322 24418
24322 611
612 611
612 24412
24319 24412
24319 616
617 616
617 24404
24317 24404
24317 618
622 618
622 24402
24313 24402
24313 628
626 628
626 24401
24302 24401
24302 629
627 629
627 24391
24301 24391
24301 632
631 632
631 24388
24290 24388
24290 634
632 634
632 24385
24277 24385
24277 638
633 638
633 24383
24269 24383
24269 644
635 644
635 24377
24259 24377
24259 653
639 653
639 24371
24254 24371
24254 654
643 654
643 24369
24251 24369
24251 655
654 655
654 24368
24234 24368
24234 671
659 671
659 24365
24230 24365
24230 672
661 672
661 24362
24229 24362
24229 686
664 686
664 24352
24227 24352
24227 700
666 700
666 24337
24225 24337
24225 702
668 702
668 24322
24217 24322
24217 704
681 704
681 24317
24216 24317
24216 708
699 708
699 24300
24214 24300
24214 712
701 712
701 24295
24211 24295
24211 714
702 714
702 24278
24206 24278
24206 718
710 718
710 24271
24204 24271
24204 723
713 723
713 24254
24200 24254
24200 727
716 727
716 24249
24187 24249
24187 728
717 728
717 24245
24180 24245
24180 729
719 729
719 24238
24175 24238
24175 731
722 731
722 24237
24173 24237
24173 739
735 739
735 24229
24171 24229
24171 751
739 751
739 24228
24169 24228
24169 761
743 761
743 24225
24157 24225
24157 763
747 763
747 24224
24151 24224
24151 766
748 766
748 24223
24141 24223
24141 768
752 768
752 24209
24129 24209
24129 769
759 769
759 24206
24125 24206
24125 773
766 773
766 24202
24122 24202
24122 779
775 779
775 24196
24114 24196
24114 780
779 780
779 24185
24110 24185
24110 782
783 782
783 24182
24106 24182
24106 784
785 784
785 24175
24104 24175
24104 790
786 790
786 24174
24099 24174
24099 791
793 791
793 24169
24096 24169
24096 792
799 792
799 24158
24088 24158
24088 794
808 794
808 24152
24083 24152
24083 802
810 802
810 24148
24080 24148
24080 803
811 803
811 24146
24067 24146
24067 804
814 804
814 24144
24055 24144
24055 806
816 806
816 24141
24050 24141
24050 813
826 813
826 24137
24041 24137
24041 815
829 815
829 24136
24040 24136
24040 820
831 820
831 24133
24039 24133
24039 823
841 823
841 24129
24033 24129
24033 828
847 828
847 24119
24032 24119
24032 830
863 830
863 24114
24029 24114
24029 833
865 833
865 24113
24026 24113
24026 834
866 834
866 24111
24018 24111
24018 847
868 847
868 24104
24008 24104
24008 852
869 852
869 24096
24007 24096
24007 856
882 856
882 24090
24006 24090
24006 860
894 860
894 24086
23998 24086
23998 863
900 863
900 24071
23994 24071
23994 868
908 868
908 24066
23989 24066
23989 874
918 874
918 24065
23988 24065
23988 884
919 884
919 24063
23987 24063
23987 889
921 889
921 24054
23983 24054
23983 891
923 891
923 24051
23981 24051
23981 893
929 893
929 24049
23979 24049
23979 895
931 895
931 24042
23977 24042
23977 899
933 899
933 24041
23974 24041
23974 900
934 900
934 24040
23960 24040
23960 903
936 903
936 24039
23949 24039
23949 908
938 908
938 24014
23938 24014
23938 914
939 914
939 24013
23927 24013
23927 922
944 922
944 24004
23917 24004
23917 926
956 926
956 24001
23916 24001
23916 927
957 927
957 23997
23903 23997
23903 935
967 935
967 23995
23900 23995
23900 939
970 939
970 23991
23898 23991
23898 943
974 943
974 23990
23896 23990
23896 944
977 944
977 23972
23895 23972
23895 949
982 949
982 23968
23892 23968
23892 952
983 952
983 23967
23882 23967
23882 960
989 960
989 23966
23881 23966
23881 965
991 965
991 23964
23880 23964
23880 971
992 971
992 23962
23878 23962
23878 987
993 987
993 23961
23873 23961
23873 1005
998 1005
998 23959
23867 23959
23867 1009
1002 1009
1002 23951
23859 23951
23859 1015
1013 1015
1013 23948
23855 23948
23855 1023
1024 1023
1024 23943
23851 23943
23851 1026
1028 1026
1028 23935
23847 23935
23847 1027
1031 1027
1031 23933
23843 23933
23843 1030
1038 1030
1038 23931
23836 23931
23836 1033
1043 1033
1043 23917
23829 23917
23829 1037
1048 1037
1048 23910
23824 23910
23824 1038
1075 1038
1075 23897
23823 23897
23823 1040
1079 1040
1079 23884
23819 23884
23819 1047
1081 1047
1081 23880
23817 23880
23817 1051
1086 1051
1086 23867
23814 23867
23814 1061
1095 1061
1095 23854
23807 23854
23807 1066
1097 1066
1097 23851
23805 23851
23805 1070
1107 1070
1107 23850
23801 23850
23801 1073
1109 1073
1109 23843
23794 23843
23794 1074
1112 1074
1112 23832
23792 23832
23792 1080
1116 1080
1116 23830
23787 23830
23787 1082
1126 1082
1126 23826
23777 23826
23777 1088
1139 1088
1139 23820
23774 23820
23774 1100
1142 1100
1142 23819
23770 23819
23770 1103
1148 1103
1148 23816
23768 23816
23768 1115
1150 1115
1150 23808
23767 23808
23767 1118
1153 1118
1153 23804
23755 23804
23755 1121
1167 1121
1167 23794
23751 23794
23751 1129
1169 1129
1169 23781
23738 23781
23738 1134
1170 1134
1170 23779
23727 23779
23727 1135
1184 1135
1184 23776
23718 23776
23718 1136
1188 1136
1188 23774
23717 23774
23717 1144
1194 1144
1194 23773
23715 23773
23715 1150
1202 1150
1202 23760
23713 23760
23713 1152
1204 1152
1204 23758
23712 23758
23712 1154
1208 1154
1208 23756
23710 23756
23710 1155
1216 1155
1216 23754
23709 23754
23709 1156
1222 1156
1222 23743
23708 23743
23708 1162
1223 1162
1223 23737
23707 23737
23707 1165
1235 1165
1235 23724
23702 23724
23702 1169
1236 1169
1236 23720
23697 23720
23697 1179
1250 1179
1250 23715
23669 23715
23669 1190
1257 1190
1257 23713
23668 23713
23668 1192
1258 1192
1258 23706
23667 23706
23667 1193
1273 1193
1273 23701
23660 23701
23660 1194
1275 1194
1275 23697
23653 23697
23653 1202
1284 1202
1284 23696
23647 23696
23647 1209
1292 1209
1292 23691
23635 23691
23635 1211
1296 1211
1296 23672
23632 23672
23632 1220
1301 1220
1301 23667
23628 23667
23628 1223
1302 1223
1302 23665
23616 23665
23616 1233
1307 1233
1307 23649
23607 23649
23607 1235
1308 1235
1308 23642
23606 23642
23606 1241
1314 1241
1314 23635
23605 23635
23605 1249
1326 1249
1326 23632
23603 23632
23603 1252
1332 1252
1332 23621
23600 23621
23600 1254
1334 1254
1334 23611
23593 23611
23593 1259
1343 1259
1343 23608
23583 23608
23583 1266
1345 1266
1345 23607
23580 23607
23580 1270
1347 1270
1347 23589
23579 23589
23579 1271
1351 1271
1351 23585
23572 23585
23572 1273
1355 1273
1355 23573
23562 23573
23562 1275
1359 1275
1359 23572
23559 23572
23559 1276
1368 1276
1368 23568
23556 23568
23556 1279
1374 1279
1374 23566
23545 23566
23545 1283
1376 1283
1376 23559
23543 23559
23543 1285
1378 1285
1378 23558
23529 23558
23529 1288
1379 1288
1379 23556
23497 23556
23497 1290
1381 1290
1381 23551
23493 23551
23493 1313
1392 1313
1392 23549
23491 23549
23491 1320
1393 1320
1393 23523
23485 23523
23485 1326
1397 1326
1397 23513
23484 23513
23484 1329
1413 1329
1413 23509
23463 23509
23463 1332
1418 1332
1418 23504
23457 23504
23457 1337
1425 1337
1425 23502
23455 23502
23455 1339
1427 1339
1427 23501
23451 23501
23451 1342
1429 1342
1429 23498
23446 23498
23446 1344
1437 1344
1437 23495
23442 23495
23442 1347
1453 1347
1453 23484
23434 23484
23434 1384
1455 1384
1455 23473
23430 23473
23430 1385
1466 1385
1466 23460
23425 23460
23425 1388
1467 1388
1467 23446
23419 23446
23419 1390
1469 1390
1469 23442
23411 23442
23411 1392
1476 1392
1476 23422
23406 23422
23406 1399
1480 1399
1480 23407
23404 23407
23404 1400
1484 1400
1484 23395
23403 23395
23403 1407
1494 1407
1494 23394
23399 23394
23399 1408
1499 1408
1499 23391
23398 23391
23398 1417
1500 1417
1500 23382
23396 23382
23396 1420
1502 1420
1502 23376
23386 23376
23386 1426
1510 1426
1510 23373
23382 23373
23382 1433
1512 1433
1512 23368
23379 23368
23379 1441
1518 1441
1518 23360
23378 23360
23378 1442
1519 1442
1519 23359
23370 23359
23370 1443
1530 1443
1530 23357
23357 23357
23357 1456
1556 1456
1556 23341
23356 23341
23356 1460
1557 1460
1557 23333
23355 23333
23355 1465
1558 1465
1558 23326
23352 23326
23352 1474
1563 1474
1563 23317
23349 23317
23349 1481
1575 1481
1575 23315
23336 23315
23336 1486
1582 1486
1582 23307
23325 23307
23325 1491
1600 1491
1600 23296
23322 23296
23322 1492
1608 1492
1608 23294
23321 23294
23321 1500
1609 1500
1609 23292
23314 23292
23314 1502
1612 1502
1612 23277
23313 23277
23313 1504
1613 1504
1613 23275
23312 23275
23312 1507
1614 1507
1614 23263
23274 23263
23274 1512
1627 1512
1627 23261
23273 23261
23273 1520
1632 1520
1632 23250
23263 23250
23263 1523
1633 1523
1633 23247
23246 23247
23246 1524
1643 1524
1643 23244
23234 23244
23234 1528
1652 1528
1652 23229
23233 23229
23233 1529
1654 1529
1654 23219
23229 23219
23229 1533
1659 1533
1659 23216
23222 23216
23222 1542
1664 1542
1664 23214
23221 23214
23221 1544
1669 1544
1669 23211
23217 23211
23217 1545
1670 1545
1670 23204
23216 23204
23216 1550
1682 1550
1682 23201
23213 23201
23213 1558
1683 1558
1683 23197
23211 23197
23211 1559
1685 1559
1685 23189
23210 23189
23210 1560
1688 1560
1688 23182
23208 23182
23208 1564
1690 1564
1690 23179
23190 23179
23190 1567
1696 1567
1696 23173
23182 23173
23182 1571
1697 1571
1697 23169
23176 23169
23176 1593
1701 1593
1701 23166
23175 23166
23175 1599
1704 1599
1704 23145
23171 23145
23171 1601
1707 1601
1707 23136
23168 23136
23168 1608
1719 1608
1719 23130
23162 23130
23162 1618
1729 1618
1729 23123
23154 23123
23154 1619
1732 1619
1732 23106
23150 23106
23150 1628
1734 1628
1734 23102
23145 23102
23145 1635
1736 1635
1736 23098
23144 23098
23144 1646
1737 1646
1737 23096
23141 23096
23141 1648
1738 1648
1738 23095
23139 23095
23139 1649
1751 1649
1751 23094
23124 23094
23124 1654
1765 1654
1765 23085
23113 23085
23113 1658
1769 1658
1769 23081
23100 23081
23100 1676
1778 1676
1778 23079
23092 23079
23092 1681
1782 1681
1782 23078
23086 23078
23086 1688
1785 1688
1785 23077
23082 23077
23082 1693
1791 1693
1791 23074
23064 23074
23064 1699
1792 1699
1792 23059
23063 23059
23063 1702
1795 1702
1795 23051
23060 23051
23060 1706
1798 1706
1798 23046
23059 23046
23059 1720
1806 1720
1806 23045
23050 23045
23050 1723
1815 1723
1815 23044
23040 23044
23040 1724
1817 1724
1817 23043
23039 23043
23039 1726
1819 1726
1819 23040
23037 23040
23037 1735
1828 1735
1828 23036
23029 23036
23029 1744
1833 1744
1833 23034
23026 23034
23026 1748
1839 1748
1839 23024
23020 23024
23020 1754
1861 1754
1861 23023
23019 23023
23019 1757
1864 1757
1864 23022
23017 23022
23017 1765
1865 1765
1865 23019
23013 23019
23013 1766
1871 1766
1871 23012
23010 23012
23010 1768
1873 1768
1873 23010
23009 23010
23009 1783
1880 1783
1880 23006
23004 23006
23004 1786
1893 1786
1893 23002
22980 23002
22980 1796
1894 1796
1894 22993
22978 22993
22978 1803
1896 1803
1896 22989
22972 22989
22972 1805
1901 1805
1901 22983
22971 22983
22971 1814
1902 1814
1902 22980
22967 22980
22967 1827
1917 1827
1917 22978
22965 22978
22965 1831
1928 1831
1928 22969
22960 22969
22960 1834
1933 1834
1933 22958
22956 22958
22956 1837
1934 1837
1934 22955
22940 22955
22940 1838
1938 1838
1938 22954
22912 22954
22912 1839
1944 1839
1944 22952
22905 22952
22905 1843
1949 1843
1949 22950
22886 22950
22886 1852
1964 1852
1964 22945
22885 22945
22885 1854
1966 1854
1966 22944
22876 22944
22876 1856
1970 1856
1970 22936
22875 22936
22875 1857
1972 1857
1972 22935
22869 22935
22869 1860
1983 1860
1983 22920
22867 22920
22867 1861
1988 1861
1988 22916
22865 22916
22865 1868
1999 1868
1999 22908
22855 22908
22855 1869
2004 1869
2004 22906
22852 22906
22852 1874
2007 1874
2007 22905
22851 22905
22851 1887
2020 1887
2020 22891
22848 22891
22848 1890
2022 1890
2022 22886
22844 22886
22844 1901
2034 1901
2034 22875
22832 22875
22832 1903
2037 1903
2037 22864
22831 22864
22831 1904
2039 1904
2039 22847
22827 22847
22827 1906
2057 1906
2057 22837
22825 22837
22825 1907
2061 1907
2061 22834
22812 22834
22812 1911
2062 1911
2062 22829
22804 22829
22804 1916
2077 1916
2077 22825
22796 22825
22796 1919
2081 1919
2081 22823
22795 22823
22795 1920
2087 1920
2087 22819
22793 22819
22793 1929
2105 1929
2105 22815
22791 22815
22791 1935
2108 1935
2108 22812
22772 22812
22772 1941
2123 1941
2123 22811
22761 22811
22761 1942
2138 1942
2138 22801
22760 22801
22760 1943
2140 1943
2140 22793
22753 22793
22753 1944
2148 1944
2148 22784
22743 22784
22743 1950
2151 1950
2151 22753
22734 22753
22734 1961
2157 1961
2157 22751
22731 22751
22731 1979
2164 1979
2164 22735
22719 22735
22719 1981
2166 1981
2166 22726
22716 22726
22716 1988
2170 1988
2170 22716
22715 22716
22715 1989
2176 1989
2176 22687
22704 22687
22704 1993
2210 1993
2210 22684
22685 22684
22685 2001
2217 2001
2217 22676
22679 22676
22679 2006
2222 2006
2222 22668
22677 22668
22677 2008
2223 2008
2223 22658
22667 22658
22667 2018
2226 2018
2226 22657
22666 22657
22666 2019
2231 2019
2231 22656
22619 22656
22619 2034
2233 2034
2233 22652
22614 22652
22614 2046
2249 2046
2249 22649
22599 22649
22599 2047
2252 2047
2252 22645
22592 22645
22592 2049
2253 2049
2253 22626
22586 22626
22586 2057
2265 2057
2265 22617
22568 22617
22568 2065
2271 2065
2271 22614
22565 22614
22565 2075
2273 2075
2273 22612
22562 22612
22562 2076
2279 2076
2279 22587
22561 22587
22561 2078
2295 2078
2295 22584
22560 22584
22560 2082
2306 2082
2306 22577
22556 22577
22556 2090
2307 2090
2307 22563
22540 22563
22540 2101
2314 2101
2314 22560
22536 22560
22536 2111
2318 2111
2318 22557
22524 22557
22524 2112
2319 2112
2319 22548
22518 22548
22518 2120
2320 2120
2320 22544
22511 22544
22511 2122
2333 2122
2333 22543
22506 22543
22506 2123
2347 2123
2347 22541
22487 22541
22487 2147
2349 2147
2349 22528
22478 22528
22478 2150
2350 2150
2350 22526
22472 22526
22472 2155
2351 2155
2351 22524
22464 22524
22464 2160
2370 2160
2370 22523
22460 22523
22460 2162
2380 2162
2380 22515
22459 22515
22459 2163
2384 2163
2384 22505
22456 22505
22456 2173
2388 2173
2388 22478
22450 22478
22450 2181
2396 2181
2396 22477
22445 22477
22445 2184
2398 2184
2398 22466
22440 22466
22440 2189
2403 2189
2403 22443
22436 22443
22436 2198
2408 2198
2408 22439
22429 22439
22429 2199
2412 2199
2412 22437
22427 22437
22427 2200
2415 2200
2415 22432
22417 22432
22417 2202
2417 2202
2417 22431
22407 22431
22407 2204
2419 2204
2419 22430
22400 22430
22400 2207
2431 2207
2431 22423
22396 22423
22396 2213
2435 2213
2435 22415
22381 22415
22381 2214
2437 2214
2437 22404
22366 22404
22366 2215
2439 2215
2439 22400
22365 22400
22365 2229
2444 2229
2444 22392
22344 22392
22344 2234
2446 2234
2446 22386
22341 22386
22341 2265
2450 2265
2450 22381
22339 22381
22339 2273
2459 2273
2459 22380
22336 22380
22336 2276
2462 2276
2462 22365
22332 22365
22332 2278
2463 2278
2463 22336
22322 22336
22322 2283
2467 2283
2467 22334
22317 22334
22317 2288
2469 2288
2469 22326
22313 22326
22313 2293
2471 2293
2471 22324
22306 22324
22306 2294
2472 2294
2472 22313
22300 22313
22300 2300
2474 2300
2474 22309
22298 22309
22298 2304
2475 2304
2475 22302
22290 22302
22290 2305
2492 2305
2492 22297
22288 22297
22288 2316
2494 2316
2494 22296
22287 22296
22287 2324
2495 2324
2495 22289
22264 22289
22264 2328
2507 2328
2507 22283
22261 22283
22261 2330
2510 2330
2510 22282
22244 22282
22244 2331
2516 2331
2516 22278
22241 22278
22241 2336
2523 2336
2523 22276
22235 22276
22235 2346
2526 2346
2526 22274
22234 22274
22234 2353
2527 2353
2527 22271
22213 22271
22213 2361
2531 2361
2531 22247
22211 22247
22211 2365
2539 2365
2539 22246
22209 22246
22209 2368
2542 2368
2542 22241
22203 22241
22203 2370
2549 2370
2549 22239
22199 22239
22199 2382
2551 2382
2551 22238
22198 22238
22198 2398
2557 2398
2557 22236
22187 22236
22187 2400
2564 2400
2564 22230
22185 22230
22185 2402
2578 2402
2578 22226
22184 22226
22184 2405
2587 2405
2587 22221
22183 22221
22183 2416
2593 2416
2593 22217
22179 22217
22179 2417
2596 2417
2596 22211
22170 22211
22170 2418
2603 2418
2603 22208
22167 22208
22167 2424
2604 2424
2604 22201
22161 22201
22161 2430
2611 2430
2611 22195
22158 22195
22158 2439
2627 2439
2627 22181
22140 22181
22140 2442
2630 2442
2630 22177
22133 22177
22133 2446
2634 2446
2634 22175
22131 22175
22131 2448
2639 2448
2639 22170
22128 22170
22128 2469
2644 2469
2644 22164
22127 22164
22127 2473
2652 2473
2652 22163
22126 22163
22126 2474
2664 2474
2664 22156
22123 22156
22123 2482
2668 2482
2668 22150
22115 22150
22115 2483
2669 2483
2669 22140
22113 22140
22113 2492
2671 2492
2671 22134
22088 22134
22088 2494
2682 2494
2682 22133
22086 22133
22086 2500
2688 2500
2688 22126
22085 22126
22085 2519
2689 2519
2689 22123
22079 22123
22079 2534
2694 2534
2694 22122
22072 22122
22072 2535
2696 2535
2696 22116
22051 22116
22051 2537
2697 2537
2697 22089
22041 22089
22041 2539
2721 2539
2721 22088
22025 22088
22025 2542
2722 2542
2722 22082
22024 22082
22024 2549
2742 2549
2742 22068
22015 22068
22015 2559
2760 2559
2760 22067
22004 22067
22004 2560
2768 2560
2768 22065
22000 22065
22000 2562
2769 2562
2769 22058
21987 22058
21987 2564
2774 2564
2774 22050
21983 22050
21983 2568
2800 2568
2800 22042
21972 22042
21972 2580
2820 2580
2820 22036
21970 22036
21970 2589
2826 2589
2826 22034
21964 22034
21964 2596
2828 2596
2828 22030
21954 22030
21954 2597
2831 2597
2831 22028
21934 22028
21934 2601
2835 2601
2835 22011
21929 22011
21929 2618
2843 2618
2843 21966
21928 21966
21928 2622
2845 2622
2845 21965
21915 21965
21915 2623
2849 2623
2849 21952
21912 21952
21912 2644
2850 2644
2850 21950
21909 21950
21909 2660
2851 2660
2851 21947
21906 21947
21906 2666
2852 2666
2852 21945
21899 21945
21899 2667
2853 2667
2853 21937
21892 21937
21892 2669
2856 2669
2856 21933
21884 21933
21884 2672
2868 2672
2868 21930
21877 21930
21877 2674
2870 2674
2870 21916
21853 21916
21853 2680
2877 2680
2877 21913
21848 21913
21848 2687
2878 2687
2878 21911
21844 21911
21844 2689
2888 2689
2888 21906
21843 21906
21843 2700
2893 2700
2893 21892
21838 21892
21838 2710
2895 2710
2895 21889
21837 21889
21837 2711
2901 2711
2901 21883
21827 21883
21827 2713
2902 2713
2902 21879
21820 21879
21820 2719
2907 2719
2907 21864
21804 21864
21804 2722
2908 2722
2908 21863
21794 21863
21794 2729
2909 2729
2909 21861
21788 21861
21788 2734
2911 2734
2911 21855
21774 21855
21774 2737
2919 2737
2919 21846
21773 21846
21773 2751
2939 2751
2939 21842
21760 21842
21760 2753
2945 2753
2945 21840
21754 21840
21754 2758
2948 2758
2948 21830
21751 21830
21751 2765
2953 2765
2953 21821
21749 21821
21749 2768
2967 2768
2967 21811
21747 21811
21747 2777
2969 2777
2969 21772
21744 21772
21744 2785
2975 2785
2975 21765
21738 21765
21738 2788
2978 2788
2978 21763
21725 21763
21725 2789
2980 2789
2980 21746
21722 21746
21722 2795
2981 2795
2981 21740
21721 21740
21721 2800
2982 2800
2982 21726
21693 21726
21693 2809
2985 2809
2985 21711
21679 21711
21679 2810
2994 2810
2994 21702
21674 21702
21674 2812
2996 2812
2996 21700
21633 21700
21633 2816
3000 2816
3000 21692
21628 21692
21628 2817
3003 2817
3003 21683
21624 21683
21624 2834
3007 2834
3007 21671
21615 21671
21615 2856
3013 2856
3013 21667
21609 21667
21609 2858
3014 2858
3014 21666
21608 21666
21608 2861
3032 2861
3032 21661
21605 21661
21605 2864
3038 2864
3038 21653
21594 21653
21594 2880
3046 2880
3046 21647
21592 21647
21592 2917
3047 2917
3047 21643
21591 21643
21591 2929
3048 2929
3048 21641
21587 21641
21587 2930
3054 2930
3054 21635
21584 21635
21584 2933
3059 2933
3059 21629
21581 21629
21581 2934
3061 2934
3061 21614
21578 21614
21578 2952
3067 2952
3067 21610
21568 21610
21568 2966
3069 2966
3069 21609
21560 21609
21560 2977
3075 2977
3075 21600
21539 21600
21539 2978
3076 2978
3076 21597
21538 21597
21538 2979
3108 2979
3108 21592
21534 21592
21534 2982
3124 2982
3124 21589
21517 21589
21517 2984
3130 2984
3130 21586
21511 21586
21511 2986
3131 2986
3131 21576
21481 21576
21481 3007
3137 3007
3137 21575
21473 21575
21473 3011
3142 3011
3142 21567
21467 21567
21467 3015
3144 3015
3144 21551
21460 21551
21460 3022
3154 3022
3154 21535
21458 21535
21458 3028
3157 3028
3157 21529
21450 21529
21450 3030
3160 3030
3160 21525
21445 21525
21445 3036
3165 3036
3165 21524
21444 21524
21444 3056
3167 3056
3167 21520
21442 21520
21442 3072
3184 3072
3184 21518
21438 21518
21438 3093
3186 3093
3186 21505
21429 21505
21429 3099
3189 3099
3189 21503
21427 21503
21427 3108
3194 3108
3194 21495
21423 21495
21423 3111
3225 3111
3225 21490
21420 21490
21420 3118
3229 3118
3229 21473
21416 21473
21416 3127
3230 3127
3230 21470
21415 21470
21415 3130
3242 3130
3242 21467
21411 21467
21411 3131
3244 3131
3244 21465
21410 21465
21410 3137
3249 3137
3249 21461
21405 21461
21405 3151
3252 3151
3252 21460
21404 21460
21404 3157
3255 3157
3255 21451
21389 21451
21389 3172
3260 3172
3260 21435
21387 21435
21387 3190
3267 3190
3267 21434
21384 21434
21384 3199
3272 3199
3272 21430
21382 21430
21382 3203
3274 3203
3274 21415
21380 21415
21380 3222
3283 3222
3283 21395
21373 21395
21373 3225
3287 3225
3287 21386
21356 21386
21356 3226
3289 3226
3289 21377
21355 21377
21355 3241
3294 3241
3294 21376
21353 21376
21353 3249
3304 3249
3304 21367
21352 21367
21352 3251
3310 3251
3310 21366
21351 21366
21351 3293
3317 3293
3317 21356
21349 21356
21349 3299
3327 3299
3327 21355
21348 21355
21348 3304
3331 3304
3331 21339
21344 21339
21344 3308
3344 3308
3344 21332
21341 21332
21341 3312
3348 3312
3348 21323
21332 21323
21332 3326
3353 3326
3353 21316
21330 21316
21330 3329
3359 3329
3359 21308
21323 21308
21323 3331
3360 3331
3360 21307
21310 21307
21310 3334
3378 3334
3378 21304
21307 21304
21307 3336
3394 3336
3394 21302
21299 21302
21299 3338
3399 3338
3399 21301
21287 21301
21287 3342
3400 3342
3400 21294
21277 21294
21277 3360
3419 3360
3419 21287
21275 21287
21275 3364
3420 3364
3420 21285
21262 21285
21262 3365
3424 3365
3424 21281
21255 21281
21255 3367
3425 3367
3425 21271
21248 21271
21248 3368
3429 3368
3429 21255
21240 21255
21240 3377
3430 3377
3430 21246
21234 21246
21234 3393
3434 3393
3434 21245
21232 21245
21232 3396
3435 3396
3435 21243
21221 21243
21221 3399
3437 3399
3437 21240
21212 21240
21212 3408
3441 3408
3441 21237
21206 21237
21206 3422
3451 3422
3451 21232
21198 21232
21198 3427
3461 3427
3461 21231
21184 21231
21184 3428
3467 3428
3467 21230
21167 21230
21167 3445
3472 3445
3472 21228
21161 21228
21161 3452
3480 3452
3480 21224
21160 21224
21160 3455
3482 3455
3482 21213
21158 21213
21158 3461
3489 3461
3489 21203
21154 21203
21154 3472
3491 3472
3491 21196
21152 21196
21152 3481
3494 3481
3494 21193
21150 21193
21150 3483
3510 3483
3510 21169
21141 21169
21141 3494
3513 3494
3513 21167
21138 21167
21138 3497
3514 3497
3514 21153
21135 21153
21135 3498
3518 3498
3518 21151
21128 21151
21128 3501
3530 3501
3530 21150
21123 21150
21123 3511
3542 3511
3542 21123
21121 21123
21121 3520
3550 3520
3550 21121
21117 21121
21117 3531
3556 3531
3556 21108
21110 21108
21110 3532
3562 3532
3562 21073
21109 21073
21109 3554
3565 3554
3565 21072
21099 21072
21099 3557
3582 3557
3582 21059
21097 21059
21097 3569
3584 3569
3584 21051
21087 21051
21087 3587
3590 3587
3590 21042
21075 21042
21075 3593
3598 3593
3598 21041
21071 21041
21071 3597
3607 3597
3607 21038
21066 21038
21066 3600
3609 3600
3609 21034
21046 21034
21046 3620
3628 3620
3628 21029
21043 21029
21043 3622
3634 3622
3634 21020
21041 21020
21041 3623
3644 3623
3644 21010
21038 21010
21038 3639
3670 3639
3670 21005
21030 21005
21030 3656
3678 3656
3678 21002
21026 21002
21026 3657
3679 3657
3679 21000
21021 21000
21021 3662
3685 3662
3685 20993
21020 20993
21020 3669
3694 3669
3694 20980
21015 20980
21015 3683
3727 3683
3727 20961
21014 20961
21014 3690
3728 3690
3728 20950
21013 20950
21013 3692
3731 3692
3731 20935
21004 20935
21004 3704
3742 3704
3742 20930
20994 20930
20994 3707
3747 3707
3747 20919
20987 20919
20987 3709
3749 3709
3749 20917
20984 20917
20984 3724
3759 3724
3759 20916
20980 20916
20980 3726
3761 3726
3761 20912
20975 20912
20975 3728
3774 3728
3774 20900
20968 20900
20968 3736
3777 3736
3777 20893
20958 20893
20958 3738
3783 3738
3783 20882
20957 20882
20957 3743
3785 3743
3785 20879
20945 20879
20945 3744
3786 3744
3786 20876
20926 20876
20926 3746
3792 3746
3792 20874
20917 20874
20917 3753
3798 3753
3798 20843
20915 20843
20915 3761
3817 3761
3817 20842
20906 20842
20906 3762
3821 3762
3821 20835
20900 20835
20900 3771
3823 3771
3823 20830
20898 20830
20898 3790
3824 3790
3824 20822
20891 20822
20891 3793
3848 3793
3848 20794
20885 20794
20885 3796
3857 3796
3857 20792
20866 20792
20866 3811
3865 3811
3865 20776
20862 20776
20862 3819
3872 3819
3872 20775
20861 20775
20861 3824
3880 3824
3880 20773
20860 20773
20860 3825
3886 3825
3886 20766
20855 20766
20855 3826
3890 3826
3890 20748
20850 20748
20850 3827
3892 3827
3892 20744
20849 20744
20849 3834
3898 3834
3898 20712
20848 20712
20848 3839
3905 3839
3905 20708
20845 20708
20845 3843
3914 3843
3914 20688
20844 20688
20844 3849
3919 3849
3919 20668
20831 20668
20831 3860
3925 3860
3925 20661
20822 20661
20822 3864
3943 3864
3943 20660
20807 20660
20807 3867
3968 3867
3968 20657
20790 20657
20790 3872
3970 3872
3970 20651
20786 20651
20786 3874
3972 3874
3972 20649
20771 20649
20771 3878
3978 3878
3978 20644
20769 20644
20769 3894
3988 3894
3988 20630
20764 20630
20764 3895
3991 3895
3991 20623
20746 20623
20746 3897
3994 3897
3994 20621
20744 20621
20744 3911
4012 3911
4012 20613
20737 20613
20737 3919
4025 3919
4025 20611
20733 20611
20733 3921
4027 3921
4027 20606
20725 20606
20725 3927
4037 3927
4037 20599
20716 20599
20716 3928
4045 3928
4045 20595
20703 20595
20703 3932
4047 3932
4047 20593
20700 20593
20700 3935
4048 3935
4048 20586
20693 20586
20693 3937
4059 3937
4059 20578
20691 20578
20691 3942
4063 3942
4063 20556
20680 20556
20680 3952
4067 3952
4067 20536
20679 20536
20679 3960
4069 3960
4069 20531
20640 20531
20640 3963
4085 3963
4085 20529
20633 20529
20633 3971
4089 3971
4089 20524
20629 20524
20629 3973
4104 3973
4104 20516
20628 20516
20628 3976
4105 3976
4105 20507
20607 20507
20607 3984
4114 3984
4114 20503
20599 20503
20599 3985
4127 3985
4127 20475
20597 20475
20597 3986
4128 3986
4128 20471
20583 20471
20583 3995
4132 3995
4132 20465
20581 20465
20581 4019
4134 4019
4134 20457
20580 20457
20580 4028
4144 4028
4144 20448
20578 20448
20578 4034
4153 4034
4153 20447
20565 20447
20565 4044
4171 4044
4171 20444
20563 20444
20563 4045
4172 4045
4172 20441
20538 20441
20538 4046
4174 4046
4174 20434
20531 20434
20531 4056
4176 4056
4176 20417
20530 20417
20530 4059
4177 4059
4177 20416
20526 20416
20526 4061
4192 4061
4192 20412
20520 20412
20520 4068
4213 4068
4213 20408
20507 20408
20507 4076
4216 4076
4216 20394
20497 20394
20497 4078
4237 4078
4237 20390
20494 20390
20494 4087
4239 4087
4239 20389
20487 20389
20487 4090
4240 4090
4240 20387
20486 20387
20486 4092
4246 4092
4246 20385
20477 20385
20477 4101
4247 4101
4247 20384
20473 20384
20473 4105
4257 4105
4257 20381
20468 20381
20468 4115
4262 4115
4262 20379
20467 20379
20467 4139
4268 4139
4268 20371
20457 20371
20457 4145
4271 4145
4271 20367
20456 20367
20456 4152
4277 4152
4277 20365
20453 20365
20453 4162
4280 4162
4280 20339
20446 20339
20446 4165
4295 4165
4295 20338
20443 20338
20443 4178
4296 4178
4296 20332
20441 20332
20441 4181
4297 4181
4297 20322
20435 20322
20435 4189
4300 4189
4300 20309
20431 20309
20431 4193
4308 4193
4308 20307
20427 20307
20427 4198
4318 4198
4318 20301
20424 20301
20424 4204
4319 4204
4319 20295
20412 20295
20412 4211
4365 4211
4365 20294
20411 20294
20411 4213
4368 4213
4368 20275
20385 20275
20385 4214
4376 4214
4376 20266
20384 20266
20384 4233
4389 4233
4389 20259
20378 20259
20378 4234
4390 4234
4390 20257
20367 20257
20367 4235
4391 4235
4391 20226
20360 20226
20360 4238
4398 4238
4398 20222
20341 20222
20341 4245
4399 4245
4399 20201
20335 20201
20335 4247
4418 4247
4418 20196
20331 20196
20331 4250
4428 4250
4428 20192
20322 20192
20322 4258
4439 4258
4439 20165
20317 20165
20317 4270
4440 4270
4440 20128
20310 20128
20310 4283
4455 4283
4455 20117
20307 20117
20307 4287
4467 4287
4467 20107
20306 20107
20306 4296
4478 4296
4478 20097
20293 20097
20293 4306
4496 4306
4496 20091
20292 20091
20292 4309
4508 4309
4508 20090
20283 20090
20283 4312
4509 4312
4509 20080
20265 20080
20265 4313
4529 4313
4529 20078
20264 20078
20264 4314
4531 4314
4531 20075
20259 20075
20259 4316
4539 4316
4539 20069
20244 20069
20244 4317
4541 4317
4541 20067
20222 20067
20222 4326
4563 4326
4563 20048
20213 20048
20213 4354
4576 4354
4576 20047
20212 20047
20212 4365
4577 4365
4577 20033
20175 20033
20175 4366
4580 4366
4580 20024
20151 20024
20151 4369
4581 4369
4581 20021
20131 20021
20131 4370
4582 4370
4582 20020
20125 20020
20125 4379
4604 4379
4604 20014
20109 20014
20109 4389
4611 4389
4611 20012
20103 20012
20103 4396
4613 4396
4613 19983
20099 19983
20099 4397
4625 4397
4625 19979
20086 19979
20086 4401
4631 4401
4631 19965
20082 19965
20082 4406
4642 4406
4642 19963
20066 19963
20066 4421
4648 4421
4648 19957
20062 19957
20062 4426
4670 4426
4670 19947
20046 19947
20046 4436
4673 4436
4673 19944
20032 19944
20032 4448
4677 4448
4677 19942
20021 19942
20021 4455
4703 4455
4703 19937
20014 19937
20014 4461
4706 4461
4706 19932
20013 19932
20013 4492
4713 4492
4713 19919
20007 19919
20007 4505
4722 4505
4722 19905
19972 19905
19972 4516
4733 4516
4733 19904
19959 19904
19959 4524
4751 4524
4751 19894
19951 19894
19951 4528
4757 4528
4757 19893
19947 19893
19947 4548
4760 4548
4760 19885
19943 19885
19943 4555
4771 4555
4771 19878
19940 19878
19940 4568
4777 4568
4777 19876
19933 19876
19933 4584
4790 4584
4790 19868
19928 19868
19928 4585
4806 4585
4806 19866
19927 19866
19927 4587
4810 4587
4810 19848
19922 19848
19922 4609
4811 4609
4811 19823
19911 19823
19911 4616
4841 4616
4841 19819
19908 19819
19908 4645
4842 4645
4842 19793
19907 19793
19907 4665
4845 4665
4845 19788
19900 19788
19900 4683
4848 4683
4848 19786
19898 19786
19898 4692
4862 4692
4862 19778
19880 19778
19880 4694
4863 4694
4863 19775
19870 19775
19870 4696
4874 4696
4874 19770
19868 19770
19868 4706
4879 4706
4879 19744
19858 19744
19858 4707
4885 4707
4885 19741
19849 19741
19849 4710
4894 4710
4894 19737
19839 19737
19839 4730
4903 4730
4903 19732
19828 19732
19828 4735
4904 4735
4904 19730
19827 19730
19827 4746
4910 4746
4910 19722
19826 19722
19826 4753
4914 4753
4914 19721
19821 19721
19821 4759
4917 4759
4917 19685
19810 19685
19810 4776
4935 4776
4935 19675
19805 19675
19805 4795
4957 4795
4957 19666
19804 19666
19804 4814
4958 4814
4958 19658
19760 19658
19760 4819
4960 4819
4960 19654
19738 19654
19738 4820
4980 4820
4980 19648
19736 19648
19736 4839
4982 4839
4982 19642
19729 19642
19729 4846
4986 4846
4986 19640
19726 19640
19726 4886
4994 4886
4994 19625
19719 19625
19719 4890
4995 4890
4995 19623
19706 19623
19706 4894
5016 4894
5016 19611
19700 19611
19700 4913
5029 4913
5029 19610
19697 19610
19697 4916
5031 4916
5031 19601
19691 19601
19691 4930
5039 4930
5039 19570
19675 19570
19675 4931
5044 4931
5044 19569
19659 19569
19659 4939
5059 4939
5059 19566
19656 19566
19656 4949
5062 4949
5062 19563
19655 19563
19655 4950
5068 4950
5068 19554
19654 19554
19654 4971
5074 4971
5074 19541
19639 19541
19639 4972
5090 4972
5090 19540
19619 19540
19619 4978
5091 4978
5091 19534
19598 19534
19598 4979
5100 4979
5100 19524
19594 19524
19594 4985
5113 4985
5113 19517
19592 19517
19592 4990
5122 4990
5122 19490
19564 19490
19564 5027
5132 5027
5132 19484
19551 19484
19551 5030
5141 5030
5141 19453
19530 19453
19530 5032
5142 5032
5142 19450
19528 19450
19528 5033
5151 5033
5151 19449
19523 19449
19523 5037
5154 5037
5154 19442
19522 19442
19522 5038
5157 5038
5157 19437
19514 19437
19514 5055
5161 5055
5161 19431
19511 19431
19511 5065
5186 5065
5186 19419
19508 19419
19508 5078
5187 5078
5187 19415
19504 19415
19504 5087
5198 5087
5198 19400
19500 19400
19500 5102
5200 5102
5200 19390
19490 19390
19490 5107
5208 5107
5208 19387
19483 19387
19483 5112
5219 5112
5219 19384
19481 19384
19481 5114
5225 5114
5225 19379
19480 19379
19480 5115
5258 5115
5258 19353
19470 19353
19470 5116
5261 5116
5261 19342
19462 19342
19462 5152
5262 5152
5262 19325
19460 19325
19460 5156
5271 5156
5271 19319
19410 19319
19410 5160
5276 5160
5276 19309
19403 19309
19403 5168
5281 5168
5281 19289
19397 19289
19397 5174
5288 5174
5288 19286
19389 19286
19389 5187
5291 5187
5291 19285
19382 19285
19382 5192
5300 5192
5300 19283
19378 19283
19378 5200
5343 5200
5343 19269
19375 19269
19375 5202
5347 5202
5347 19265
19360 19265
19360 5207
5365 5207
5365 19264
19358 19264
19358 5210
5401 5210
5401 19262
19348 19262
19348 5220
5408 5220
5408 19258
19335 19258
19335 5225
5421 5225
5421 19248
19329 19248
19329 5229
5422 5229
5422 19246
19323 19246
19323 5231
5454 5231
5454 19236
19310 19236
19310 5235
5455 5235
5455 19228
19301 19228
19301 5248
5459 5248
5459 19223
19300 19223
19300 5255
5481 5255
5481 19221
19295 19221
19295 5269
5485 5269
5485 19220
19285 19220
19285 5270
5516 5270
5516 19218
19283 19218
19283 5281
5524 5281
5524 19208
19263 19208
19263 5287
5528 5287
5528 19194
19262 19194
19262 5302
5543 5302
5543 19189
19250 19189
19250 5304
5548 5304
5548 19183
19239 19183
19239 5305
5564 5305
5564 19182
19228 19182
19228 5310
5565 5310
5565 19173
19197 19173
19197 5311
5577 5311
5577 19166
19193 19166
19193 5323
5578 5323
5578 19164
19189 19164
19189 5324
5602 5324
5602 19127
19165 19127
19165 5336
5607 5336
5607 19126
19160 19126
19160 5337
5612 5337
5612 19121
19159 19121
19159 5342
5625 5342
5625 19116
19151 19116
19151 5345
5629 5345
5629 19099
19132 19099
19132 5354
5633 5354
5633 19092
19131 19092
19131 5363
5636 5363
5636 19076
19129 19076
19129 5395
5638 5395
5638 19066
19127 19066
19127 5419
5652 5419
5652 19057
19123 19057
19123 5421
5654 5421
5654 19021
19121 19021
19121 5424
5660 5424
5660 19013
19105 19013
19105 5436
5669 5436
5669 19011
19103 19011
19103 5460
5683 5460
5683 19002
19098 19002
19098 5472
5684 5472
5684 18989
19093 18989
19093 5485
5702 5485
5702 18981
19092 18981
19092 5492
5711 5492
5711 18975
19090 18975
19090 5493
5715 5493
5715 18971
19087 18971
19087 5495
5718 5495
5718 18962
19073 18962
19073 5501
5741 5501
5741 18953
19061 18953
19061 5532
5747 5532
5747 18951
19055 18951
19055 5536
5755 5536
5755 18937
19024 18937
19024 5540
5756 5540
5756 18922
19013 18922
19013 5559
5757 5559
5757 18913
19001 18913
19001 5562
5775 5562
5775 18908
19000 18908
19000 5585
5785 5585
5785 18901
18997 18901
18997 5594
5801 5594
5801 18899
18990 18899
18990 5617
5811 5617
5811 18895
18988 18895
18988 5618
5833 5618
5833 18885
18986 18885
18986 5625
5845 5625
5845 18882
18975 18882
18975 5640
5848 5640
5848 18877
18957 18877
18957 5645
5865 5645
5865 18843
18928 18843
18928 5649
5869 5649
5869 18841
18920 18841
18920 5655
5874 5655
5874 18821
18899 18821
18899 5659
5883 5659
5883 18818
18863 18818
18863 5665
5903 5665
5903 18812
18843 18812
18843 5666
5922 5666
5922 18808
18831 18808
18831 5671
5933 5671
5933 18807
18825 18807
18825 5685
5938 5685
5938 18781
18816 18781
18816 5696
5952 5696
5952 18773
18811 18773
18811 5704
5955 5704
5955 18765
18809 18765
18809 5706
5970 5706
5970 18757
18799 18757
18799 5707
5975 5707
5975 18740
18789 18740
18789 5716
5985 5716
5985 18737
18787 18737
18787 5739
5996 5739
5996 18736
18781 18736
18781 5759
6001 5759
6001 18727
18777 18727
18777 5770
6004 5770
6004 18707
18769 18707
18769 5777
6012 5777
6012 18700
18762 18700
18762 5786
6017 5786
6017 18691
18756 18691
18756 5800
6018 5800
6018 18690
18747 18690
18747 5801
6031 5801
6031 18684
18735 18684
18735 5804
6054 5804
6054 18676
18732 18676
18732 5806
6076 5806
6076 18656
18723 18656
18723 5809
6080 5809
6080 18654
18680 18654
18680 5813
6093 5813
6093 18633
18678 18633
18678 5833
6113 5833
6113 18631
18665 18631
18665 5848
6140 5848
6140 18629
18662 18629
18662 5863
6162 5863
6162 18627
18648 18627
18648 5866
6163 5866
6163 18623
18640 18623
18640 5873
6175 5873
6175 18612
18618 18612
18618 5882
6193 5882
6193 18611
18616 18611
18616 5885
6208 5885
6208 18608
18608 18608
18608 5888
6223 5888
6223 18606
18607 18606
18607 5890
6229 5890
6229 18592
18604 18592
18604 5908
6243 5908
6243 18591
18598 18591
18598 5955
6249 5955
6249 18579
18596 18579
18596 5957
6260 5957
6260 18576
18592 18576
18592 5980
6261 5980
6261 18567
18572 18567
18572 5992
6264 5992
6264 18561
18565 18561
18565 5993
6269 5993
6269 18539
18557 18539
18557 6002
6273 6002
6273 18532
18546 18532
18546 6016
6282 6016
6282 18494
18544 18494
18544 6025
6293 6025
6293 18479
18532 18479
18532 6026
6296 6026
6296 18478
18512 18478
18512 6035
6314 6035
6314 18464
18491 18464
18491 6048
6321 6048
6321 18452
18487 18452
18487 6054
6336 6054
6336 18442
18484 18442
18484 6066
6340 6066
6340 18441
18478 18441
18478 6069
6344 6069
6344 18434
18470 18434
18470 6076
6366 6076
6366 18416
18458 18416
18458 6092
6369 6092
6369 18412
18440 18412
18440 6101
6377 6101
6377 18406
18426 18406
18426 6106
6404 6106
6404 18390
18418 18390
18418 6113
6408 6113
6408 18372
18413 18372
18413 6124
6422 6124
6422 18361
18399 18361
18399 6145
6435 6145
6435 18354
18388 18354
18388 6180
6436 6180
6436 18353
18386 18353
18386 6184
6451 6184
6451 18313
18367 18313
18367 6185
6474 6185
6474 18276
18364 18276
18364 6205
6481 6205
6481 18264
18356 18264
18356 6206
6486 6206
6486 18249
18355 18249
18355 6213
6487 6213
6487 18233
18344 18233
18344 6220
6493 6220
6493 18220
18338 18220
18338 6237
6500 6237
6500 18217
18302 18217
18302 6239
6504 6239
6504 18215
18287 18215
18287 6241
6506 6241
6506 18200
18271 18200
18271 6243
6510 6243
6510 18193
18270 18193
18270 6252
6511 6252
6511 18174
18258 18174
18258 6254
6532 6254
6532 18165
18254 18165
18254 6261
6538 6261
6538 18158
18253 18158
18253 6271
6549 6271
6549 18150
18250 18150
18250 6284
6566 6284
6566 18130
18234 18130
18234 6303
6570 6303
6570 18126
18231 18126
18231 6304
6571 6304
6571 18099
18230 18099
18230 6307
6588 6307
6588 18094
18227 18094
18227 6309
6605 6309
6605 18083
18219 18083
18219 6314
6607 6314
6607 18030
18211 18030
18211 6335
6618 6335
6618 18023
18205 18023
18205 6339
6646 6339
6646 18002
18175 18002
18175 6343
6677 6343
6677 17998
18170 17998
18170 6359
6695 6359
6695 17983
18164 17983
18164 6360
6700 6360
6700 17973
18160 17973
18160 6382
6703 6382
6703 17970
18144 17970
18144 6389
6765 6389
6765 17939
18107 17939
18107 6406
6773 6406
6773 17929
18106 17929
18106 6409
6779 6409
6779 17916
18100 17916
18100 6418
6784 6418
6784 17910
18085 17910
18085 6426
6787 6426
6787 17893
18083 17893
18083 6437
6821 6437
6821 17888
18045 17888
18045 6441
6864 6441
6864 17881
18042 17881
18042 6467
6887 6467
6887 17875
18040 17875
18040 6470
6893 6470
6893 17871
18038 17871
18038 6472
6897 6472
6897 17855
18016 17855
18016 6473
6899 6473
6899 17852
18015 17852
18015 6493
6908 6493
6908 17848
17976 17848
17976 6496
6913 6496
6913 17837
17974 17837
17974 6514
6918 6514
6918 17829
17973 17829
17973 6525
6919 6525
6919 17820
17931 17820
17931 6541
6929 6541
6929 17814
17919 17814
17919 6550
6932 6550
6932 17808
17915 17808
17915 6570
6938 6570
6938 17800
17912 17800
17912 6571
6940 6571
6940 17776
17901 17776
17901 6575
6965 6575
6965 17775
17882 17775
17882 6576
6970 6576
6970 17742
17877 17742
17877 6578
6980 6578
6980 17721
17871 17721
17871 6582
6993 6582
6993 17704
17870 17704
17870 6638
7026 6638
7026 17696
17869 17696
17869 6648
7036 6648
7036 17695
17860 17695
17860 6664
7076 6664
7076 17694
17858 17694
17858 6686
7081 6686
7081 17693
17846 17693
17846 6687
7086 6687
7086 17684
17803 17684
17803 6711
7093 6711
7093 17673
17798 17673
17798 6714
7098 6714
7098 17672
17797 17672
17797 6730
7102 6730
7102 17668
17795 17668
17795 6739
7103 6739
7103 17655
17794 17655
17794 6746
7105 6746
7105 17639
17776 17639
17776 6753
7143 6753
7143 17637
17775 17637
17775 6755
7148 6755
7148 17633
17774 17633
17774 6763
7164 6763
7164 17631
17760 17631
17760 6785
7167 6785
7167 17624
17756 17624
17756 6792
7179 6792
7179 17622
17726 17622
17726 6795
7185 6795
7185 17610
17724 17610
17724 6805
7213 6805
7213 17608
17710 17608
17710 6807
7217 6807
7217 17581
17691 17581
17691 6843
7230 6843
7230 17577
17689 17577
17689 6848
7238 6848
7238 17567
17682 17567
17682 6857
7241 6857
7241 17522
17681 17522
17681 6868
7244 6868
7244 17519
17669 17519
17669 6891
7273 6891
7273 17515
17646 17515
17646 6894
7282 6894
7282 17496
17628 17496
17628 6911
7303 6911
7303 17494
17623 17494
17623 6934
7309 6934
7309 17489
17605 17489
17605 6948
7313 6948
7313 17473
17586 17473
17586 6977
7326 6977
7326 17465
17576 17465
17576 6983
7339 6983
7339 17464
17569 17464
17569 6991
7365 6991
7365 17448
17565 17448
17565 7026
7388 7026
7388 17446
17559 17446
17559 7033
7391 7033
7391 17437
17552 17437
17552 7036
7394 7036
7394 17415
17537 17415
17537 7038
7401 7038
7401 17413
17525 17413
17525 7041
7419 7041
7419 17387
17513 17387
17513 7050
7428 7050
7428 17369
17505 17369
17505 7074
7435 7074
7435 17366
17501 17366
17501 7076
7444 7076
7444 17363
17484 17363
17484 7083
7461 7083
7461 17331
17474 17331
17474 7086
7530 7086
7530 17310
17466 17310
17466 7105
7545 7105
7545 17304
17452 17304
17452 7115
7549 7115
7549 17288
17451 17288
17451 7120
7552 7120
7552 17276
17448 17276
17448 7122
7559 7122
7559 17256
17444 17256
17444 7128
7569 7128
7569 17237
17434 17237
17434 7136
7579 7136
7579 17231
17430 17231
17430 7138
7586 7138
7586 17222
17427 17222
17427 7177
7603 7177
7603 17209
17409 17209
17409 7184
7620 7184
7620 17202
17395 17202
17395 7200
7623 7200
7623 17187
17378 17187
17378 7208
7658 7208
7658 17185
17338 17185
17338 7213
7668 7213
7668 17166
17310 17166
17310 7219
7695 7219
7695 17165
17299 17165
17299 7257
7750 7257
7750 17164
17281 17164
17281 7280
7768 7280
7768 17161
17272 17161
17272 7288
7777 7288
7777 17153
17260 17153
17260 7294
7791 7294
7791 17140
17213 17140
17213 7296
7843 7296
7843 17125
17208 17125
17208 7302
7846 7302
7846 17073
17206 17073
17206 7311
7853 7311
7853 17067
17197 17067
17197 7326
7859 7326
7859 17065
17195 17065
17195 7334
7889 7334
7889 17055
17176 17055
17176 7336
7900 7336
7900 17045
17170 17045
17170 7382
7916 7382
7916 17036
17169 17036
17169 7404
7921 7404
7921 17030
17163 17030
17163 7464
7949 7464
7949 16995
17154 16995
17154 7471
7958 7471
7958 16982
17149 16982
17149 7530
8012 7530
8012 16957
17140 16957
17140 7553
8028 7553
8028 16949
17136 16949
17136 7559
8030 7559
8030 16940
17123 16940
17123 7565
8073 7565
8073 16916
17114 16916
17114 7585
8083 7585
8083 16851
17099 16851
17099 7588
8084 7588
8084 16838
17085 16838
17085 7595
8093 7595
8093 16837
17069 16837
17069 7601
8108 7601
8108 16813
17061 16813
17061 7614
8110 7614
8110 16805
17058 16805
17058 7621
8113 7621
8113 16801
17036 16801
17036 7636
8116 7636
8116 16800
17033 16800
17033 7639
8126 7639
8126 16769
17028 16769
17028 7659
8132 7659
8132 16757
17021 16757
17021 7660
8144 7660
8144 16732
17015 16732
17015 7674
8157 7674
8157 16730
17003 16730
17003 7685
8166 7685
8166 16727
17001 16727
17001 7693
8223 7693
8223 16692
16970 16692
16970 7726
8231 7726
8231 16684
16961 16684
16961 7727
8245 7727
8245 16675
16953 16675
16953 7734
8249 7734
8249 16669
16929 16669
16929 7755
8284 7755
8284 16650
16922 16650
16922 7762
8295 7762
8295 16649
16917 16649
16917 7774
8309 7774
8309 16616
16901 16616
16901 7780
8347 7780
8347 16610
16873 16610
16873 7881
8398 7881
8398 16591
16865 16591
16865 7906
8407 7906
8407 16551
16857 16551
16857 7927
8432 7927
8432 16542
16850 16542
16850 7932
8471 7932
8471 16538
16836 16538
16836 7978
8477 7978
8477 16523
16823 16523
16823 8021
8496 8021
8496 16515
16814 16515
16814 8037
8498 8037
8498 16510
16810 16510
16810 8038
8538 8038
8538 16508
16791 16508
16791 8044
8582 8044
8582 16505
16789 16505
16789 8055
8649 8055
8649 16496
16781 16496
16781 8078
8672 8078
8672 16477
16766 16477
16766 8081
8696 8081
8696 16474
16751 16474
16751 8083
8732 8083
8732 16473
16737 16473
16737 8086
8746 8086
8746 16454
16734 16454
16734 8123
8758 8123
8758 16425
16710 16425
16710 8126
8768 8126
8768 16414
16682 16414
16682 8137
8772 8137
8772 16392
16660 16392
16660 8138
8794 8138
8794 16385
16646 16385
16646 8183
8798 8183
8798 16373
16644 16373
16644 8193
8813 8193
8813 16371
16633 16371
16633 8213
8821 8213
8821 16360
16630 16360
16630 8227
8827 8227
8827 16331
16543 16331
16543 8235
8829 8235
8829 16311
16459 16311
16459 8282
8831 8282
8831 16306
16416 16306
16416 8333
8832 8333
8832 16293
16409 16293
16409 8344
8840 8344
8840 16260
16372 16260
16372 8346
8844 8346
8844 16225
16364 16225
16364 8351
8851 8351
8851 16178
16348 16178
16348 8374
8853 8374
8853 16146
16326 16146
16326 8394
8857 8394
8857 16118
16302 16118
16302 8400
8858 8400
8858 16117
16271 16117
16271 8402
8888 8402
8888 16107
16266 16107
16266 8407
8889 8407
8889 16096
16264 16096
16264 8434
8925 8434
8925 16084
16261 16084
16261 8448
8939 8448
8939 16074
16206 16074
16206 8471
8944 8471
8944 16072
16178 16072
16178 8478
8967 8478
8967 16026
16151 16026
16151 8495
8982 8495
8982 16013
16150 16013
16150 8511
9007 8511
9007 15989
16098 15989
16098 8516
9024 8516
9024 15936
16095 15936
16095 8540
9075 8540
9075 15931
16076 15931
16076 8543
9084 8543
9084 15926
16075 15926
16075 8569
9087 8569
9087 15877
16045 15877
16045 8576
9093 8576
9093 15833
16026 15833
16026 8617
9101 8617
9101 15803
16025 15803
16025 8621
9108 8621
9108 15799
16019 15799
16019 8623
9119 8623
9119 15782
16017 15782
16017 8625
9129 8625
9129 15761
15990 15761
15990 8629
9139 8629
9139 15731
15945 15731
15945 8637
9151 8637
9151 15728
15921 15728
15921 8643
9158 8643
9158 15725
15830 15725
15830 8725
9170 8725
9170 15680
15823 15680
15823 8748
9177 8748
9177 15657
15796 15657
15796 8753
9178 8753
9178 15649
15788 15649
15788 8765
9182 8765
9182 15637
15742 15637
15742 8793
9203 8793
9203 15629
15728 15629
15728 8796
9258 8796
9258 15621
15718 15621
15718 8821
9282 8821
9282 15619
15709 15619
15709 8842
9331 8842
9331 15614
15701 15614
15701 8847
9382 8847
9382 15600
15669 15600
15669 8868
9385 8868
9385 15573
15599 15573
15599 8874
9432 8874
9432 15542
15559 15542
15559 8894
9436 8894
9436 15532
15541 15532
15541 8900
9446 8900
9446 15525
15521 15525
15521 8913
9447 8913
9447 15515
15506 15515
15506 9067
9476 9067
9476 15482
15468 15482
15468 9094
9523 9094
9523 15474
15414 15474
15414 9134
9526 9134
9526 15467
15410 15467
15410 9167
9569 9167
9569 15397
15407 15397
15407 9173
9609 9173
9609 15351
15406 15351
15406 9237
9625 9237
9625 15259
15380 15259
15380 9250
9726 9250
9726 15200
15368 15200
15368 9279
9732 9279
9732 15165
15358 15165
15358 9280
9741 9280
9741 15163
15343 15163
15343 9282
9758 9282
9758 15136
15338 15136
15338 9332
9760 9332
9760 15125
15326 15125
15326 9358
9774 9358
9774 15086
15298 15086
15298 9371
9788 9371
9788 15069
15250 15069
15250 9383
9817 9383
9817 15029
15235 15029
15235 9402
9841 9402
9841 15011
15227 15011
15227 9417
9858 9417
9858 15006
15199 15006
15199 9433
9863 9433
9863 14992
15166 14992
15166 9435
9897 9435
9897 14975
15160 14975
15160 9493
9902 9493
9902 14959
15114 14959
15114 9497
9947 9497
9947 14954
15107 14954
15107 9506
9967 9506
9967 14953
15105 14953
15105 9550
9979 9550
9979 14948
15097 14948
15097 9563
9985 9563
9985 14896
15094 14896
15094 9578
10016 9578
10016 14885
15080 14885
15080 9606
10034 9606
10034 14866
15016 14866
15016 9614
10089 9614
10089 14852
15013 14852
15013 9631
10096 9631
10096 14837
14992 14837
14992 9646
10104 9646
10104 14832
14986 14832
14986 9687
10131 9687
10131 14825
14947 14825
14947 9692
10146 9692
10146 14815
14880 14815
14880 9703
10157 9703
10157 14784
14873 14784
14873 9738
10164 9738
10164 14714
14841 14714
14841 9756
10177 9756
10177 14682
14790 14682
14790 9775
10186 9775
10186 14676
14689 14676
14689 9791
10217 9791
10217 14617
14671 14617
14671 9797
10246 9797
10246 14584
14559 14584
14559 9799
10295 9799
10295 14525
14536 14525
14536 9801
10297 9801
10297 14442
14514 14442
14514 9829
10309 9829
10309 14407
14475 14407
14475 9841
10336 9841
10336 14362
14472 14362
14472 9850
10356 9850
10356 14356
14460 14356
14460 9851
10369 9851
10369 14276
14451 14276
14451 9867
10386 9867
10386 14238
14400 14238
14400 9904
10390 9904
10390 14214
14342 14214
14342 9926
10392 9926
10392 14168
14309 14168
14309 9957
10398 9957
10398 14151
14282 14151
14282 9973
10458 9973
10458 14116
14277 14116
14277 10041
10497 10041
10497 14093
14211 14093
14211 10048
10505 10048
10505 14091
14185 14091
14185 10063
10535 10063
10535 14089
14183 14089
14183 10089
10595 10089
10595 14055
14143 14055
14143 10102
10719 10102
10719 14033
14131 14033
14131 10127
10782 10127
10782 14029
14120 14029
14120 10129
10813 10129
10813 13996
14114 13996
14114 10158
10865 10158
10865 13994
14105 13994
14105 10168
10867 10168
10867 13973
14094 13973
14094 10184
10940 10184
10940 13919
14060 13919
14060 10189
10970 10189
10970 13860
14050 13860
14050 10200
11074 10200
11074 13840
13945 13840
13945 10240
11122 10240
11122 13835
13826 13835
13826 10345
11217 10345
11217 13823
13822 13823
13822 10374
11335 10374
11335 13753
13771 13753
13771 10465
11377 10465
11377 13748
13730 13748
13730 10539
11423 10539
11423 13695
13653 13695
13653 10552
11428 10552
11428 13638
13638 13638
13638 10636
11485 10636
11485 13618
13595 13618
13595 10663
11495 10663
11495 13506
13525 13506
13525 10670
11539 10670
11539 13352
13481 13352
13481 10687
11569 10687
11569 13275
13430 13275
13430 10743
11665 10743
11665 13176
13374 13176
13374 10782
11714 10782
11714 13085
13327 13085
13327 10806
11729 10806
11729 13078
13231 13078
13231 10894
11787 10894
11787 12952
13218 12952
13218 11013
11833 11013
11833 12914
13126 12914
13126 11025
11867 11025
11867 12834
13104 12834
13104 11046
12052 11046
12052 12707
12886 12707
12886 11348
12078 11348
12078 12672
12721 12672
12721 11442
12125 11442
12125 12613
12700 12613
12700 11462
12146 11462
12146 12470
12567 12470
12567 11663
12274 11663
12274 13744
11409 13744
11579 13744
11579 11523
13312 11523
13312 10883
