Case #1: 8 3 4 4 4 5 6 7 8
Case #2: 6 3 5 6 6 8 13
Case #3: 4 2 10 14 15
Case #4: 25 1 1 1 1 1 1 1 1 1 1 1 1 1 1 1 1 1 1 1 1 1 1 1 5 13
Case #5: -1
Case #6: 3 10 13 18
Case #7: 4 1 1 7 32
Case #8: 23 1 1 1 1 1 1 1 1 1 1 1 1 1 1 1 1 1 1 1 1 1 7 13
Case #9: 5 2 6 8 8 17
Case #10: 6 5 5 5 5 5 16
Case #11: -1
Case #12: -1
Case #13: -1
Case #14: -1
Case #15: 18 1 1 1 1 1 1 1 1 1 1 1 1 1 1 1 1 1 24
Case #16: -1
Case #17: 7 3 5 5 5 6 8 9
Case #18: 4 1 3 10 27
Case #19: -1
Case #20: 5 1 6 7 9 18
Case #21: 9 3 4 4 4 4 4 5 5 8
Case #22: 6 3 5 7 7 9 10
Case #23: 34 1 1 1 1 1 1 1 1 1 1 1 1 1 1 1 1 1 1 1 1 1 1 1 1 1 1 1 1 1 1 1 1 1 8
Case #24: 4 1 10 15 15
Case #25: 5 4 7 10 10 10
Case #26: -1
Case #27: 6 3 4 8 8 9 9
Case #28: 6 4 5 5 9 9 9
Case #29: 4 2 6 9 24
Case #30: 7 3 3 3 5 9 9 9
Case #31: -1
Case #32: 9 1 1 1 1 1 1 1 1 33
Case #33: -1
Case #34: 7 3 4 5 7 7 7 8
Case #35: 17 1 1 1 1 1 1 1 1 1 1 1 1 1 1 1 4 22
Case #36: 25 1 1 1 1 1 1 1 1 1 1 1 1 1 1 1 1 1 1 1 1 1 1 1 1 17
Case #37: 8 1 1 2 5 5 5 9 13
Case #38: -1
Case #39: 5 2 9 9 10 11
Case #40: 6 2 3 8 9 9 10
Case #41: -1
Case #42: 4 2 6 13 20
Case #43: 7 2 3 4 5 8 8 11
Case #44: 5 8 8 8 8 9
Case #45: 4 4 10 12 15
Case #46: 8 2 3 3 5 5 7 7 9
Case #47: -1
Case #48: 5 1 3 6 8 23
Case #49: 5 1 1 9 15 15
Case #50: 16 1 1 1 1 1 1 1 1 1 1 1 1 1 1 1 26
Case #51: 5 4 7 8 10 12
Case #52: 11 1 1 1 1 1 1 1 1 1 3 29
Case #53: 6 2 6 6 8 8 11
Case #54: 7 3 4 5 5 5 8 11
Case #55: 7 3 5 6 6 6 7 8
Case #56: -1
Case #57: 7 2 3 6 6 7 8 9
Case #58: -1
Case #59: 5 2 5 6 9 19
Case #60: 4 2 7 14 18
Case #61: 19 1 1 1 1 1 1 1 1 1 1 1 1 1 1 1 1 1 4 20
Case #62: 4 4 7 10 20
Case #63: 6 3 5 5 7 8 13
Case #64: -1
Case #65: -1
Case #66: -1
Case #67: 6 2 3 5 9 11 11
Case #68: 35 1 1 1 1 1 1 1 1 1 1 1 1 1 1 1 1 1 1 1 1 1 1 1 1 1 1 1 1 1 1 1 1 1 1 7
Case #69: 4 2 11 14 14
Case #70: -1
Case #71: 5 1 1 1 2 36
Case #72: 4 3 8 13 17
Case #73: 3 2 9 30
Case #74: 25 1 1 1 1 1 1 1 1 1 1 1 1 1 1 1 1 1 1 1 1 1 1 1 3 15
Case #75: 6 1 3 7 8 11 11
Case #76: 6 1 1 1 2 17 19
Case #77: 4 3 8 10 20
Case #78: -1
Case #79: -1
Case #80: 4 7 9 10 15
Case #81: 5 5 8 8 9 11
Case #82: -1
Case #83: -1
Case #84: -1
Case #85: 6 2 3 8 8 9 11
Case #86: -1
Case #87: 5 3 8 8 11 11
Case #88: -1
Case #89: 5 3 6 7 8 17
Case #90: 7 2 4 6 6 7 7 9
Case #91: 14 1 1 1 1 1 1 1 1 1 1 1 1 2 27
Case #92: 6 3 5 7 7 8 11
Case #93: 6 2 5 7 7 9 11
Case #94: 12 1 1 1 1 1 1 1 1 1 1 1 30
Case #95: 7 1 1 1 1 1 4 32
Case #96: -1
Case #97: 5 5 6 9 10 11
Case #98: 4 5 10 12 14
Case #99: -1
Case #100: 39 1 1 1 1 1 1 1 1 1 1 1 1 1 1 1 1 1 1 1 1 1 1 1 1 1 1 1 1 1 1 1 1 1 1 1 1 1 1 3
Case #101: 5 2 5 10 12 12
Case #102: 7 2 4 5 5 7 8 10
Case #103: 4 6 7 12 16
Case #104: 4 3 7 13 18
Case #105: 5 1 6 9 11 14
Case #106: 7 3 4 4 7 7 8 8
Case #107: 6 4 5 6 7 9 10
Case #108: 21 1 1 1 1 1 1 1 1 1 1 1 1 1 1 1 1 1 1 1 3 19
Case #109: 5 3 4 9 10 15
Case #110: 5 3 6 8 10 14
Case #111: -1
Case #112: 7 2 3 5 5 5 8 13
Case #113: 8 3 4 4 4 5 5 8 8
Case #114: 11 1 1 1 1 1 1 1 1 1 5 27
Case #115: 8 3 4 4 5 5 5 7 8
Case #116: 6 1 4 8 8 10 10
Case #117: 6 4 6 7 8 8 8
Case #118: 5 1 5 10 10 15
Case #119: -1
Case #120: 5 1 2 5 13 20
Case #121: 15 1 1 1 1 1 1 1 1 1 1 1 1 1 5 23
Case #122: 6 2 5 7 8 8 11
Case #123: 20 1 1 1 1 1 1 1 1 1 1 1 1 1 1 1 1 1 1 1 22
Case #124: 3 5 6 30
Case #125: 5 3 5 9 12 12
Case #126: 40 1 1 1 1 1 1 1 1 1 1 1 1 1 1 1 1 1 1 1 1 1 1 1 1 1 1 1 1 1 1 1 1 1 1 1 1 1 1 1 2
Case #127: 7 2 4 5 6 6 9 9
Case #128: 4 3 3 16 19
Case #129: 3 5 18 18
Case #130: 8 3 4 4 6 6 6 6 6
Case #131: 17 1 1 1 1 1 1 1 1 1 1 1 1 1 1 1 3 23
Case #132: 6 2 3 5 5 9 17
Case #133: 7 2 5 5 5 8 8 8
Case #134: -1
Case #135: 6 3 4 4 8 11 11
Case #136: -1
Case #137: 13 1 1 1 1 1 1 1 1 1 1 1 2 28
Case #138: -1
Case #139: -1
Case #140: 9 3 3 4 4 4 5 6 6 6
Case #141: 6 3 3 6 6 9 14
Case #142: 9 1 1 1 1 1 1 1 3 31
Case #143: -1
Case #144: 4 6 6 14 15
Case #145: 4 2 10 13 16
Case #146: 5 6 8 8 9 10
Case #147: 3 1 17 23
Case #148: -1
Case #149: 6 1 2 5 9 9 15
Case #150: 7 3 5 5 6 7 7 8
Case #151: 6 2 7 8 8 8 8
Case #152: 5 5 7 8 8 13
Case #153: 7 3 4 5 6 7 8 8
Case #154: 5 1 9 10 10 11
Case #155: 19 1 1 1 1 1 1 1 1 1 1 1 1 1 1 1 1 1 3 21
Case #156: 4 8 10 11 12
Case #157: -1
Case #158: -1
Case #159: 17 1 1 1 1 1 1 1 1 1 1 1 1 1 1 1 2 24
Case #160: -1
Case #161: 5 1 3 7 14 16
Case #162: 4 8 9 12 12
Case #163: 6 4 5 8 8 8 8
Case #164: -1
Case #165: -1
Case #166: 5 3 7 7 12 12
Case #167: 5 2 9 10 10 10
Case #168: 7 3 6 6 6 6 6 8
Case #169: 3 11 13 17
Case #170: 5 1 1 1 1 37
Case #171: -1
Case #172: -1
Case #173: 5 3 6 8 8 16
Case #174: 6 2 5 5 8 8 13
Case #175: -1
Case #176: 3 7 7 27
Case #177: 21 1 1 1 1 1 1 1 1 1 1 1 1 1 1 1 1 1 1 1 9 13
Case #178: 6 1 1 3 9 9 18
Case #179: 5 6 8 8 8 11
Case #180: 4 2 5 13 21
Case #181: -1
Case #182: 8 2 3 3 3 5 5 9 11
Case #183: 4 3 5 6 27
Case #184: 6 5 5 5 7 9 10
Case #185: 10 1 1 1 1 1 1 1 1 2 31
Case #186: -1
Case #187: 6 1 1 1 1 1 36
Case #188: 5 6 7 7 9 12
Case #189: 7 2 4 6 6 7 8 8
Case #190: -1
Case #191: 13 1 1 1 1 1 1 1 1 1 1 7 11 13
Case #192: 6 2 4 5 8 9 13
Case #193: 10 2 3 3 3 3 3 3 6 6 9
Case #194: 3 1 2 38
Case #195: 3 2 14 25
Case #196: 3 6 14 21
Case #197: 6 6 6 6 6 8 9
Case #198: 8 1 2 5 5 5 5 9 9
Case #199: 6 5 5 6 8 8 9
Case #200: 16 1 1 1 1 1 1 1 1 1 1 1 1 1 1 5 22
Case #201: 5 5 5 7 12 12
Case #202: 19 1 1 1 1 1 1 1 1 1 1 1 1 1 1 1 1 1 1 23
Case #203: 7 1 1 1 1 1 17 19
Case #204: 7 2 5 5 6 6 8 9
Case #205: 4 1 1 3 36
Case #206: 7 3 4 5 6 6 6 11
Case #207: -1
Case #208: -1
Case #209: 7 4 5 5 6 6 7 8
Case #210: 8 2 3 4 4 4 5 8 11
Case #211: 6 6 6 6 6 6 11
Case #212: 6 3 6 6 8 9 9
Case #213: -1
Case #214: -1
Case #215: 4 2 9 14 16
Case #216: 6 5 5 5 5 9 12
Case #217: -1
Case #218: 7 4 5 5 5 5 8 9
Case #219: 9 2 4 4 4 4 5 6 6 6
Case #220: -1
Case #221: 6 3 4 6 8 9 11
Case #222: -1
Case #223: 6 3 4 8 8 8 10
Case #224: 7 3 4 5 5 5 9 10
Case #225: 10 3 3 3 3 3 3 5 6 6 6
Case #226: 6 5 5 6 7 9 9
Case #227: -1
Case #228: 5 1 2 6 16 16
Case #229: 6 2 3 3 5 9 19
Case #230: 6 2 3 7 8 8 13
Case #231: 9 1 1 1 1 1 1 1 4 30
Case #232: 6 1 2 7 7 9 15
Case #233: 10 2 3 4 4 4 4 4 4 4 8
Case #234: 23 1 1 1 1 1 1 1 1 1 1 1 1 1 1 1 1 1 1 1 1 1 3 17
Case #235: 7 2 3 5 6 8 8 9
Case #236: 9 2 3 4 4 4 5 5 6 8
Case #237: -1
Case #238: 7 5 6 6 6 6 6 6
Case #239: 4 1 6 7 27
Case #240: 6 3 3 7 7 9 12
Case #241: 4 4 10 11 16
Case #242: 5 2 7 7 7 18
Case #243: 2 9 32
Case #244: -1
Case #245: 5 1 3 7 8 22
Case #246: 7 1 1 1 1 3 7 27
Case #247: 5 2 7 9 10 13
Case #248: 8 2 4 4 4 5 6 8 8
Case #249: 8 3 4 4 4 6 6 6 8
Case #250: 5 1 4 5 13 18
Case #251: 6 3 5 5 8 9 11
Case #252: 8 1 1 1 1 1 1 3 32
Case #253: 5 1 1 2 9 28
Case #254: 5 6 6 9 9 11
Case #255: 7 2 5 6 6 6 7 9
Case #256: 7 4 4 4 6 7 8 8
Case #257: 4 5 9 12 15
Case #258: -1
Case #259: -1
Case #260: 7 4 4 4 5 8 8 8
Case #261: 5 1 5 5 10 20
Case #262: 4 4 11 12 14
Case #263: 9 2 3 4 4 5 5 5 5 8
Case #264: -1
Case #265: -1
Case #266: 9 2 3 4 4 5 5 6 6 6
Case #267: 7 4 6 6 6 6 6 7
Case #268: 22 1 1 1 1 1 1 1 1 1 1 1 1 1 1 1 1 1 1 1 1 1 20
Case #269: 2 1 40
Case #270: 7 2 5 5 6 7 7 9
Case #271: 23 1 1 1 1 1 1 1 1 1 1 1 1 1 1 1 1 1 1 1 1 1 1 19
Case #272: 7 1 1 1 3 5 15 15
Case #273: 5 3 8 9 10 11
Case #274: 6 1 1 1 3 16 19
Case #275: 4 1 1 5 34
Case #276: 6 1 1 1 1 3 34
Case #277: 7 2 3 5 5 7 8 11
Case #278: 5 5 8 9 9 10
Case #279: 4 4 7 15 15
Case #280: 4 3 7 8 23
Case #281: 5 1 7 10 10 13
Case #282: 16 1 1 1 1 1 1 1 1 1 1 1 1 1 1 4 23
Case #283: 4 2 6 12 21
Case #284: 6 4 6 6 7 9 9
Case #285: 8 2 3 4 5 6 6 7 8
Case #286: 5 3 5 7 12 14
Case #287: -1
Case #288: 4 5 5 10 21
Case #289: 6 3 4 6 9 9 10
Case #290: 6 5 5 6 6 6 13
Case #291: 29 1 1 1 1 1 1 1 1 1 1 1 1 1 1 1 1 1 1 1 1 1 1 1 1 1 1 1 7 7
Case #292: 3 5 17 19
Case #293: 8 3 4 4 4 4 6 8 8
Case #294: 4 6 11 12 12
Case #295: 6 1 4 8 8 8 12
Case #296: 8 3 3 5 6 6 6 6 6
Case #297: 6 1 2 5 9 11 13
Case #298: 8 2 4 4 5 6 6 6 8
Case #299: 8 2 3 3 6 6 6 6 9
Case #300: -1
Case #301: 6 5 5 6 6 8 11
Case #302: 4 2 6 15 18
Case #303: 13 1 1 1 1 1 1 1 1 1 1 5 7 19
Case #304: -1
Case #305: 9 2 3 3 3 3 5 6 7 9
Case #306: -1
Case #307: 5 2 7 8 10 14
Case #308: 7 3 4 5 5 8 8 8
Case #309: 6 3 6 8 8 8 8
Case #310: 3 2 7 32
Case #311: 6 2 3 4 8 11 13
Case #312: 5 3 5 8 11 14
Case #313: 8 1 1 1 2 9 9 9 9
Case #314: -1
Case #315: 6 1 1 4 5 10 20
Case #316: 6 3 4 5 8 10 11
Case #317: -1
Case #318: 7 4 4 5 5 7 8 8
Case #319: 9 2 3 3 3 5 5 5 6 9
Case #320: 8 4 4 4 5 6 6 6 6
Case #321: 4 5 8 9 19
Case #322: -1
Case #323: 8 3 4 5 5 5 5 6 8
Case #324: 6 2 3 5 6 8 17
Case #325: 8 2 3 5 5 5 5 7 9
Case #326: -1
Case #327: 8 1 1 1 1 1 1 2 33
Case #328: 7 2 4 5 5 6 9 10
Case #329: 6 2 4 6 9 9 11
Case #330: -1
Case #331: 5 3 6 6 9 17
Case #332: 5 3 8 8 8 14
Case #333: 7 3 5 5 6 6 7 9
Case #334: 5 3 7 8 11 12
Case #335: 5 1 5 5 15 15
Case #336: 6 4 5 5 8 8 11
Case #337: -1
Case #338: 5 2 6 6 9 18
Case #339: 6 1 2 6 8 8 16
Case #340: 6 1 2 8 10 10 10
Case #341: 5 5 5 9 10 12
Case #342: 13 1 1 1 1 1 1 1 1 1 1 1 5 25
Case #343: 6 2 4 7 9 9 10
Case #344: 5 3 5 6 8 19
Case #345: 8 4 4 4 4 5 6 6 8
Case #346: 5 2 5 9 10 15
Case #347: -1
Case #348: 6 3 5 6 8 8 11
Case #349: 4 2 6 16 17
Case #350: 6 2 5 5 7 9 13
Case #351: 6 5 6 6 8 8 8
Case #352: 4 3 4 16 18
Case #353: 29 1 1 1 1 1 1 1 1 1 1 1 1 1 1 1 1 1 1 1 1 1 1 1 1 1 1 1 1 13
Case #354: 10 1 4 4 4 4 4 4 4 4 8
Case #355: 7 2 6 6 6 6 7 8
Case #356: 6 1 1 3 8 11 17
Case #357: 5 1 1 2 15 22
Case #358: 6 1 1 1 1 2 35
Case #359: 5 2 5 8 9 17
Case #360: 25 1 1 1 1 1 1 1 1 1 1 1 1 1 1 1 1 1 1 1 1 1 1 1 7 11
Case #361: 6 2 4 5 9 10 11
Case #362: 6 3 3 5 5 12 13
Case #363: -1
Case #364: 5 6 7 9 9 10
Case #365: 5 2 7 8 8 16
Case #366: 38 1 1 1 1 1 1 1 1 1 1 1 1 1 1 1 1 1 1 1 1 1 1 1 1 1 1 1 1 1 1 1 1 1 1 1 1 1 4
Case #367: 6 4 4 6 8 8 11
Case #368: 7 3 4 5 5 7 8 9
Case #369: -1
Case #370: -1
Case #371: 5 3 7 8 10 13
Case #372: 7 2 3 5 7 8 8 8
Case #373: -1
Case #374: 8 2 3 3 3 6 6 9 9
Case #375: 5 2 8 9 10 12
Case #376: 6 3 5 5 7 9 12
Case #377: -1
Case #378: 5 4 9 9 9 10
Case #379: 5 1 1 6 16 17
Case #380: 3 12 14 15
Case #381: -1
Case #382: 17 1 1 1 1 1 1 1 1 1 1 1 1 1 1 1 1 25
Case #383: 6 2 4 6 8 8 13
Case #384: -1
Case #385: 3 6 11 24
Case #386: -1
Case #387: 21 1 1 1 1 1 1 1 1 1 1 1 1 1 1 1 1 1 1 1 1 21
Case #388: 6 2 3 7 9 10 10
Case #389: 8 1 1 3 7 7 7 7 8
Case #390: 7 3 4 6 6 6 8 8
Case #391: 6 2 3 4 5 8 19
Case #392: 8 2 3 4 6 6 6 6 8
Case #393: 5 1 4 7 13 16
Case #394: 16 1 1 1 1 1 1 1 1 1 1 1 1 1 1 6 21
Case #395: 7 5 5 5 5 6 6 9
Case #396: 6 1 1 4 5 14 16
Case #397: 5 4 5 8 8 16
Case #398: 8 2 4 5 5 5 5 6 9
Case #399: 5 3 8 8 10 12
Case #400: 4 2 3 4 32
Case #401: 4 2 7 8 24
Case #402: 6 1 2 7 10 10 11
Case #403: 7 4 5 5 5 6 8 8
Case #404: -1
Case #405: 7 2 3 5 6 7 9 9
Case #406: 7 4 4 5 6 6 8 8
Case #407: 9 4 4 4 4 4 4 4 5 8
Case #408: 4 5 5 15 16
Case #409: 4 8 8 9 16
Case #410: -1
Case #411: 6 4 5 5 7 10 10
Case #412: 6 4 5 6 6 9 11
Case #413: 4 1 1 1 38
Case #414: 7 3 3 6 6 7 7 9
Case #415: -1
Case #416: -1
Case #417: 5 1 1 3 17 19
Case #418: 7 2 4 5 6 8 8 8
Case #419: 4 5 12 12 12
Case #420: -1
Case #421: 5 2 6 9 12 12
Case #422: 6 2 3 6 8 9 13
Case #423: 6 2 5 6 6 9 13
Case #424: -1
Case #425: 7 2 3 4 4 7 8 13
Case #426: -1
Case #427: -1
Case #428: -1
Case #429: 4 1 4 15 21
Case #430: 6 1 8 8 8 8 8
Case #431: 6 1 2 4 8 10 16
Case #432: 6 1 3 6 8 11 12
Case #433: -1
Case #434: 6 2 3 5 9 9 13
Case #435: 6 3 4 4 5 8 17
Case #436: 3 3 6 32
Case #437: 7 2 3 5 6 7 8 10
Case #438: 6 2 4 6 9 10 10
Case #439: 5 6 7 8 10 10
Case #440: 7 2 5 6 6 6 8 8
Case #441: 5 2 5 9 9 16
Case #442: 14 1 1 1 1 1 1 1 1 1 1 1 1 1 28
Case #443: -1
Case #444: -1
Case #445: -1
Case #446: 3 8 9 24
Case #447: 8 2 3 4 5 5 6 8 8
Case #448: 6 4 5 5 8 9 10
Case #449: 10 2 3 3 3 3 3 3 5 7 9
Case #450: 5 6 6 7 9 13
Case #451: 7 1 2 6 8 8 8 8
Case #452: 5 5 8 8 10 10
Case #453: 4 2 7 12 20
Case #454: -1
Case #455: 5 1 10 10 10 10
Case #456: 5 3 8 8 9 13
Case #457: 8 3 4 4 4 4 7 7 8
Case #458: 7 4 5 6 6 6 7 7
Case #459: 6 2 4 7 8 10 10
Case #460: 6 4 5 7 8 8 9
Case #461: 4 4 6 9 22
Case #462: -1
Case #463: 2 2 39
Case #464: 3 6 10 25
Case #465: -1
Case #466: 4 3 6 14 18
Case #467: 6 2 4 7 7 9 12
Case #468: 3 10 15 16
Case #469: -1
Case #470: 3 1 3 37
Case #471: 4 5 6 15 15
Case #472: 5 5 6 8 9 13
Case #473: 6 6 6 6 7 8 8
Case #474: 6 4 5 6 8 9 9
Case #475: 5 4 7 7 9 14
Case #476: 7 2 4 5 5 5 9 11
Case #477: 5 3 3 6 13 16
Case #478: 5 3 8 9 9 12
Case #479: 5 2 4 11 12 12
Case #480: 10 1 1 1 1 1 1 1 1 4 29
Case #481: 4 3 7 15 16
Case #482: 6 2 3 6 8 11 11
Case #483: 7 2 3 3 5 6 9 13
Case #484: 6 2 6 8 8 8 9
Case #485: 4 6 8 8 19
Case #486: 5 2 6 10 11 12
Case #487: -1
Case #488: 5 2 4 9 12 14
Case #489: 3 6 16 19
Case #490: 5 3 4 7 8 19
Case #491: 5 2 5 8 10 16
Case #492: -1
Case #493: -1
Case #494: 6 1 1 2 9 13 15
Case #495: 5 4 6 9 10 12
Case #496: 7 3 4 4 6 8 8 8
Case #497: 4 3 11 11 16
Case #498: 6 2 7 7 8 8 9
Case #499: 6 2 3 4 7 8 17
Case #500: 5 2 3 8 11 17
Case #501: 8 2 3 4 4 5 7 8 8
Case #502: 19 1 1 1 1 1 1 1 1 1 1 1 1 1 1 1 1 1 5 19
Case #503: 6 3 4 7 7 10 10
Case #504: 4 3 7 11 20
Case #505: 5 2 7 7 12 13
Case #506: 6 2 5 7 7 10 10
Case #507: -1
Case #508: 6 3 4 6 8 10 10
Case #509: 10 2 3 3 3 3 4 5 6 6 6
Case #510: 5 2 7 7 10 15
Case #511: 5 7 7 8 9 10
Case #512: 6 3 3 5 9 9 12
Case #513: 4 6 10 11 14
Case #514: 3 5 12 24
Case #515: 4 4 8 14 15
Case #516: 4 1 7 9 24
Case #517: 11 1 4 4 4 4 4 4 4 4 4 4
Case #518: 13 1 1 1 1 1 1 1 1 1 1 1 1 29
Case #519: 7 2 4 5 5 6 8 11
Case #520: 4 3 6 16 16
Case #521: 6 1 2 5 5 9 19
Case #522: 3 11 12 18
Case #523: 6 2 6 6 6 8 13
Case #524: 4 1 3 8 29
Case #525: 7 2 5 5 5 5 7 12
Case #526: 5 4 8 9 9 11
Case #527: 8 2 3 3 5 5 5 9 9
Case #528: 6 4 6 6 8 8 9
Case #529: 32 1 1 1 1 1 1 1 1 1 1 1 1 1 1 1 1 1 1 1 1 1 1 1 1 1 1 1 1 1 1 1 10
Case #530: 2 20 21
Case #531: 5 3 6 8 11 13
Case #532: 26 1 1 1 1 1 1 1 1 1 1 1 1 1 1 1 1 1 1 1 1 1 1 1 1 1 16
Case #533: 6 2 3 6 9 10 11
Case #534: 6 1 1 5 5 13 16
Case #535: 8 2 3 5 5 5 5 8 8
Case #536: 6 3 5 6 7 10 10
Case #537: 6 2 5 7 7 8 12
Case #538: -1
Case #539: 6 2 3 8 8 10 10
Case #540: 6 3 4 7 8 8 11
Case #541: 4 6 6 11 18
Case #542: 6 5 6 6 6 9 9
Case #543: 5 3 6 7 12 13
Case #544: 9 2 3 4 4 4 4 4 8 8
Case #545: 5 4 7 7 7 16
Case #546: 8 1 1 1 1 1 1 1 34
Case #547: 6 6 6 6 7 7 9
Case #548: 3 1 10 30
Case #549: 6 5 6 7 7 8 8
Case #550: 4 10 10 10 11
Case #551: 6 2 5 5 5 9 15
Case #552: 6 2 5 5 9 9 11
Case #553: 7 3 4 4 5 6 8 11
Case #554: -1
Case #555: 6 2 5 5 9 10 10
Case #556: 5 5 7 9 10 10
Case #557: 5 1 1 9 9 21
Case #558: 6 1 3 5 7 10 15
Case #559: 4 5 8 8 20
Case #560: 31 1 1 1 1 1 1 1 1 1 1 1 1 1 1 1 1 1 1 1 1 1 1 1 1 1 1 1 1 1 1 11
Case #561: 3 7 10 24
Case #562: 4 6 8 11 16
Case #563: -1
Case #564: 4 3 8 11 19
Case #565: 5 4 7 9 10 11
Case #566: -1
Case #567: 6 1 2 7 7 8 16
Case #568: -1
Case #569: 5 5 7 8 9 12
Case #570: 24 1 1 1 1 1 1 1 1 1 1 1 1 1 1 1 1 1 1 1 1 1 1 1 18
Case #571: 6 3 6 7 8 8 9
Case #572: 6 3 6 6 7 7 12
Case #573: 7 1 4 4 8 8 8 8
Case #574: 3 6 17 18
Case #575: 18 1 1 1 1 1 1 1 1 1 1 1 1 1 1 1 1 2 23
Case #576: 10 1 1 1 1 1 1 1 1 3 30
Case #577: 7 2 4 5 5 8 8 9
Case #578: -1
Case #579: 6 3 6 6 6 9 11
Case #580: 19 1 1 1 1 1 1 1 1 1 1 1 1 1 1 1 1 1 7 17
Case #581: 5 2 8 9 11 11
Case #582: 6 2 4 6 7 10 12
Case #583: 9 2 3 3 5 5 5 6 6 6
Case #584: 8 2 3 3 5 6 6 7 9
Case #585: 11 1 1 1 1 1 1 1 1 1 4 28
Case #586: 7 2 3 6 6 6 9 9
Case #587: 6 3 5 8 8 8 9
Case #588: -1
Case #589: 8 3 3 5 5 6 6 6 7
Case #590: 7 2 3 5 5 8 8 10
Case #591: 8 2 3 4 4 6 6 8 8
Case #592: 7 2 4 5 7 7 8 8
Case #593: 7 3 4 4 4 7 8 11
Case #594: 7 2 3 4 6 7 8 11
Case #595: 8 1 1 1 1 1 3 16 17
Case #596: 4 3 5 8 25
Case #597: -1
Case #598: 7 1 1 1 5 9 9 15
Case #599: 7 2 5 5 6 7 8 8
Case #600: -1
Case #601: -1
Case #602: 12 1 1 1 1 1 1 1 1 1 1 3 28
Case #603: 5 3 5 10 11 12
Case #604: 4 2 5 16 18
Case #605: -1
Case #606: 5 2 4 7 12 16
Case #607: -1
Case #608: 5 1 6 9 12 13
Case #609: 4 3 11 12 15
Case #610: 6 3 5 6 8 9 10
Case #611: 4 4 9 14 14
Case #612: 8 1 1 1 1 1 2 13 21
Case #613: -1
Case #614: 7 1 1 1 5 5 11 17
Case #615: 4 3 9 11 18
Case #616: 6 3 5 7 7 7 12
Case #617: 3 5 9 27
Case #618: -1
Case #619: 5 2 7 10 10 12
Case #620: 7 1 1 1 1 1 1 35
Case #621: 9 2 4 4 4 4 4 5 6 8
Case #622: 6 3 4 7 8 9 10
Case #623: 5 2 3 9 10 17
Case #624: -1
Case #625: 7 4 5 5 6 6 6 9
Case #626: -1
Case #627: 8 2 4 5 5 6 6 6 7
Case #628: 5 3 7 7 8 16
Case #629: 7 2 3 5 5 8 9 9
Case #630: 7 4 4 6 6 6 7 8
Case #631: 4 6 10 10 15
Case #632: 5 5 5 5 10 16
Case #633: -1
Case #634: 6 1 2 7 8 10 13
Case #635: 6 3 5 7 8 9 9
Case #636: 5 3 4 8 13 13
Case #637: -1
Case #638: -1
Case #639: 6 2 5 6 7 8 13
Case #640: -1
Case #641: 5 2 7 9 9 14
Case #642: 8 3 4 4 5 6 6 6 7
Case #643: 6 1 1 1 3 11 24
Case #644: 36 1 1 1 1 1 1 1 1 1 1 1 1 1 1 1 1 1 1 1 1 1 1 1 1 1 1 1 1 1 1 1 1 1 1 1 6
Case #645: 6 1 3 9 9 9 10
Case #646: 2 5 36
Case #647: 3 9 16 16
Case #648: 6 5 5 5 8 9 9
Case #649: 5 3 3 3 5 27
Case #650: 4 5 10 10 16
Case #651: 7 2 3 5 7 7 8 9
Case #652: 4 6 8 9 18
Case #653: 7 3 4 5 5 6 8 10
Case #654: 6 1 1 1 6 11 21
Case #655: 13 1 1 1 1 1 1 1 1 1 1 1 4 26
Case #656: 4 5 9 11 16
Case #657: 7 3 3 5 6 6 9 9
Case #658: 27 1 1 1 1 1 1 1 1 1 1 1 1 1 1 1 1 1 1 1 1 1 1 1 1 1 1 15
Case #659: 6 2 5 6 8 9 11
Case #660: 9 2 3 3 3 5 6 6 6 7
Case #661: 4 1 5 16 19
Case #662: 9 2 3 3 4 5 6 6 6 6
Case #663: 6 3 5 5 5 11 12
Case #664: 4 2 8 9 22
Case #665: 6 2 4 4 7 8 16
Case #666: -1
Case #667: 6 3 4 5 9 10 10
Case #668: 7 3 4 4 4 5 8 13
Case #669: 8 2 4 5 5 5 6 6 8
Case #670: 5 4 4 7 10 16
Case #671: 6 4 6 6 6 8 11
Case #672: 8 2 3 4 4 6 7 7 8
Case #673: -1
Case #674: 6 1 2 5 7 9 17
Case #675: 5 3 5 8 8 17
Case #676: 7 2 3 5 6 6 6 13
Case #677: 5 1 1 1 3 35
Case #678: 4 2 12 12 15
Case #679: 5 5 9 9 9 9
Case #680: 5 4 6 7 12 12
Case #681: 7 2 4 4 7 8 8 8
Case #682: 7 2 3 6 6 8 8 8
Case #683: 8 2 3 4 4 4 8 8 8
Case #684: 5 2 7 8 12 12
Case #685: 5 4 4 8 10 15
Case #686: 5 2 5 7 9 18
Case #687: 7 3 3 3 6 6 9 11
Case #688: 8 2 4 4 5 5 5 8 8
Case #689: 5 2 5 9 12 13
Case #690: 4 2 9 15 15
Case #691: -1
Case #692: -1
Case #693: -1
Case #694: 7 2 3 7 7 7 7 8
Case #695: 4 5 8 12 16
Case #696: 5 1 1 1 19 19
Case #697: -1
Case #698: 6 2 7 7 7 8 10
Case #699: 5 1 3 8 12 17
Case #700: 5 1 2 9 11 18
Case #701: 4 5 9 9 18
Case #702: 9 3 4 4 4 4 4 4 6 8
Case #703: -1
Case #704: 9 3 3 3 4 5 5 6 6 6
Case #705: 4 2 7 16 16
Case #706: -1
Case #707: 5 1 1 1 6 32
Case #708: -1
Case #709: 6 2 6 7 7 9 10
Case #710: 6 3 5 7 8 8 10
Case #711: 41 1 1 1 1 1 1 1 1 1 1 1 1 1 1 1 1 1 1 1 1 1 1 1 1 1 1 1 1 1 1 1 1 1 1 1 1 1 1 1 1 1
Case #712: 3 8 15 18
Case #713: 6 2 3 5 7 11 13
Case #714: 11 1 1 1 1 1 1 1 1 1 2 30
Case #715: 6 3 6 7 7 8 10
Case #716: 7 1 1 1 1 1 3 33
Case #717: 6 2 6 6 7 8 12
Case #718: -1
Case #719: -1
Case #720: -1
Case #721: 7 2 4 6 6 6 8 9
Case #722: 7 1 1 1 1 2 9 26
Case #723: -1
Case #724: 4 1 4 11 25
Case #725: 4 1 8 12 20
Case #726: 6 3 7 7 7 8 9
Case #727: -1
Case #728: 4 8 8 10 15
Case #729: 4 4 6 11 20
Case #730: 7 3 5 6 6 6 6 9
Case #731: -1
Case #732: 5 5 8 8 8 12
Case #733: 6 3 6 6 7 8 11
Case #734: -1
Case #735: -1
Case #736: 7 2 4 5 7 7 7 9
Case #737: 7 1 1 1 1 1 2 34
Case #738: 3 3 14 24
Case #739: -1
Case #740: 4 7 8 12 14
Case #741: 6 2 5 7 8 9 10
Case #742: -1
Case #743: 3 9 14 18
Case #744: -1
Case #745: 22 1 1 1 1 1 1 1 1 1 1 1 1 1 1 1 1 1 1 1 1 7 14
Case #746: 6 1 1 1 1 5 32
Case #747: 20 1 1 1 1 1 1 1 1 1 1 1 1 1 1 1 1 1 1 2 21
Case #748: 6 3 7 7 8 8 8
Case #749: 6 2 5 6 8 10 10
Case #750: 4 3 7 12 19
Case #751: -1
Case #752: -1
Case #753: -1
Case #754: 8 2 5 5 5 5 5 5 9
Case #755: 15 1 1 1 1 1 1 1 1 1 1 1 1 1 2 26
Case #756: 7 5 5 5 6 6 6 8
Case #757: 4 4 5 16 16
Case #758: 3 10 10 21
Case #759: 4 1 11 14 15
Case #760: 6 2 6 6 7 9 11
Case #761: -1
Case #762: 4 3 8 12 18
Case #763: 4 3 5 13 20
Case #764: 4 3 8 15 15
Case #765: 4 2 10 11 18
Case #766: -1
Case #767: 15 1 1 1 1 1 1 1 1 1 1 1 1 1 3 25
Case #768: 8 3 3 3 5 6 6 6 9
Case #769: 5 1 2 7 10 21
Case #770: 6 4 4 4 5 8 16
Case #771: 5 1 1 11 14 14
Case #772: -1
Case #773: 5 2 4 10 10 15
Case #774: 7 2 3 5 6 6 8 11
Case #775: 4 9 10 10 12
Case #776: 6 2 6 7 8 9 9
Case #777: 4 3 9 13 16
Case #778: 9 1 1 1 1 1 1 3 5 27
Case #779: 4 1 1 2 37
Case #780: 3 4 5 32
Case #781: -1
Case #782: -1
Case #783: 8 2 3 4 5 5 7 7 8
Case #784: 6 1 1 2 5 9 23
Case #785: 13 1 1 1 1 1 1 1 1 1 1 1 3 27
Case #786: 9 2 3 3 3 3 6 6 6 9
Case #787: 6 3 3 5 7 11 12
Case #788: 6 1 1 2 5 16 16
Case #789: 7 2 3 5 5 6 9 11
Case #790: 5 4 5 9 10 13
Case #791: 5 6 6 8 9 12
Case #792: 5 7 7 7 10 10
Case #793: 6 5 5 7 8 8 8
Case #794: 13 1 1 1 1 1 1 1 1 1 1 3 7 21
Case #795: 9 2 3 4 4 4 4 6 6 8
Case #796: 5 3 7 9 10 12
Case #797: 3 1 18 22
Case #798: -1
Case #799: 28 1 1 1 1 1 1 1 1 1 1 1 1 1 1 1 1 1 1 1 1 1 1 1 1 1 1 1 14
Case #800: -1
Case #801: 6 2 4 6 8 9 12
Case #802: 5 2 3 5 8 23
Case #803: 8 1 2 5 5 5 7 7 9
Case #804: 4 1 5 17 18
Case #805: 7 4 5 6 6 6 6 8
Case #806: 4 2 9 10 20
Case #807: -1
Case #808: 7 2 3 4 5 6 8 13
Case #809: 5 4 8 9 10 10
Case #810: 5 2 4 9 9 17
Case #811: 10 2 3 3 3 3 3 5 5 5 9
Case #812: -1
Case #813: -1
Case #814: 10 1 1 1 1 1 1 1 1 1 32
Case #815: -1
Case #816: 4 7 10 10 14
Case #817: 8 3 5 5 5 5 5 5 8
Case #818: 4 3 5 12 21
Case #819: 6 2 3 5 8 10 13
Case #820: -1
Case #821: -1
Case #822: -1
Case #823: 4 7 7 9 18
Case #824: -1
Case #825: 6 3 5 6 9 9 9
Case #826: -1
Case #827: 4 1 3 7 30
Case #828: -1
Case #829: 8 1 1 1 1 1 1 4 31
Case #830: 5 5 6 7 9 14
Case #831: 5 4 7 9 9 12
Case #832: 6 2 6 7 8 8 10
Case #833: 6 2 4 8 8 9 10
Case #834: 8 2 3 3 3 3 5 9 13
Case #835: 6 5 5 6 7 8 10
Case #836: 9 1 1 1 1 1 1 1 7 27
Case #837: 9 3 3 3 3 3 5 6 6 9
Case #838: 5 2 5 9 11 14
Case #839: 3 10 11 20
Case #840: 3 7 12 22
Case #841: -1
Case #842: -1
Case #843: 5 1 3 7 15 15
Case #844: 4 2 3 18 18
Case #845: 8 2 3 5 5 5 6 7 8
Case #846: 7 3 4 6 6 6 7 9
Case #847: 8 2 3 6 6 6 6 6 6
Case #848: 6 2 5 6 9 9 10
Case #849: 8 3 3 3 4 6 6 7 9
Case #850: 4 5 7 11 18
Case #851: 7 5 5 5 5 5 8 8
Case #852: 5 1 2 5 16 17
Case #853: 21 1 1 1 1 1 1 1 1 1 1 1 1 1 1 1 1 1 1 1 5 17
Case #854: 4 7 7 11 16
Case #855: 4 7 10 12 12
Case #856: 5 3 9 9 10 10
Case #857: 4 3 3 3 32
Case #858: -1
Case #859: 4 2 5 12 22
Case #860: 5 3 5 8 12 13
Case #861: 4 1 2 14 24
Case #862: -1
Case #863: 7 2 3 6 7 7 8 8
Case #864: 6 1 5 5 9 10 11
Case #865: 8 3 4 4 5 5 6 6 8
Case #866: -1
Case #867: -1
Case #868: 7 2 5 6 6 7 7 8
Case #869: 21 1 1 1 1 1 1 1 1 1 1 1 1 1 1 1 1 1 1 1 11 11
Case #870: 7 5 5 6 6 6 6 7
Case #871: 15 1 1 1 1 1 1 1 1 1 1 1 1 1 1 27
Case #872: 5 3 6 9 11 12
Case #873: 8 2 4 4 5 5 6 7 8
Case #874: 5 5 5 6 10 15
Case #875: -1
Case #876: 3 6 15 20
Case #877: 5 2 5 8 12 14
Case #878: 3 7 16 18
Case #879: 5 3 8 10 10 10
Case #880: 37 1 1 1 1 1 1 1 1 1 1 1 1 1 1 1 1 1 1 1 1 1 1 1 1 1 1 1 1 1 1 1 1 1 1 1 1 5
Case #881: 4 1 10 10 20
Case #882: 5 1 3 8 10 19
Case #883: 6 4 5 6 8 8 10
Case #884: 4 1 12 14 14
Case #885: 8 3 5 5 5 5 6 6 6
Case #886: 9 3 3 3 3 5 6 6 6 6
Case #887: 8 2 3 5 5 5 6 6 9
Case #888: 8 2 5 5 5 5 5 6 8
Case #889: 3 2 3 36
Case #890: 27 1 1 1 1 1 1 1 1 1 1 1 1 1 1 1 1 1 1 1 1 1 1 1 1 1 5 11
Case #891: -1
Case #892: 7 3 4 5 6 6 8 9
Case #893: 8 2 5 5 5 6 6 6 6
Case #894: 4 1 7 15 18
Case #895: 5 6 6 8 8 13
Case #896: 12 1 1 1 1 1 1 1 1 1 1 2 29
Case #897: 5 2 5 5 14 15
Case #898: 4 3 6 11 21
Case #899: 6 2 6 6 9 9 9
Case #900: 19 1 1 1 1 1 1 1 1 1 1 1 1 1 1 1 1 1 2 22
Case #901: 3 3 16 22
Case #902: 5 3 6 10 10 12
Case #903: 6 5 6 6 7 8 9
Case #904: 6 1 3 5 9 10 13
Case #905: 9 1 1 1 1 1 1 1 2 32
Case #906: 4 7 8 10 16
Case #907: 8 2 3 5 5 6 6 6 8
Case #908: 7 2 3 4 8 8 8 8
Case #909: 8 3 3 4 5 5 6 6 9
Case #910: 6 3 4 6 6 9 13
Case #911: 4 3 8 14 16
Case #912: 7 3 4 5 5 6 9 9
Case #913: 5 6 7 8 8 12
Case #914: 5 4 5 7 10 15
Case #915: -1
Case #916: 7 3 5 5 5 5 8 10
Case #917: 5 2 6 9 10 14
Case #918: 4 4 9 10 18
Case #919: -1
Case #920: 5 3 6 8 12 12
Case #921: 7 3 4 6 6 7 7 8
Case #922: 5 1 4 9 13 14
Case #923: 6 3 4 5 8 8 13
Case #924: 6 2 5 8 8 9 9
Case #925: 6 2 5 7 9 9 9
Case #926: 6 5 6 6 6 7 11
Case #927: 5 2 6 7 12 14
Case #928: 6 2 6 7 7 7 12
Case #929: 11 1 1 1 1 1 1 1 1 1 1 31
Case #930: 5 2 3 8 9 19
Case #931: 16 1 1 1 1 1 1 1 1 1 1 1 1 1 1 2 25
Case #932: 8 4 4 5 5 5 6 6 6
Case #933: 8 2 4 5 6 6 6 6 6
Case #934: 5 2 4 8 11 16
Case #935: 5 2 3 9 9 18
Case #936: 4 5 10 11 15
Case #937: 6 2 5 5 7 10 12
Case #938: 6 1 1 8 8 10 13
Case #939: 7 1 1 1 5 7 7 19
Case #940: 7 2 6 6 6 6 6 9
Case #941: 5 3 4 8 9 17
Case #942: 6 4 4 6 7 8 12
Case #943: 7 2 5 5 5 6 8 10
Case #944: 3 5 16 20
Case #945: 33 1 1 1 1 1 1 1 1 1 1 1 1 1 1 1 1 1 1 1 1 1 1 1 1 1 1 1 1 1 1 1 1 9
Case #946: 5 3 7 10 10 11
Case #947: 4 3 10 12 16
Case #948: 4 1 7 16 17
Case #949: 3 7 14 20
Case #950: 8 3 4 5 5 6 6 6 6
Case #951: 7 2 5 5 6 6 6 11
Case #952: 9 2 3 4 4 4 4 5 7 8
Case #953: -1
Case #954: 7 2 3 5 5 7 9 10
Case #955: 5 5 7 7 10 12
Case #956: 7 3 5 5 5 7 8 8
Case #957: -1
Case #958: 4 3 7 10 21
Case #959: 6 1 3 7 7 7 16
Case #960: 5 2 6 8 9 16
