82
00000000000000000000000000000000000000000000000000000000000000000000000000000000
00000000000000000000000000000000000000000000000000000000000000000000010000000000
00000000000000000000000000000000000000000000000000000000000000000000100000000000
00000000000000000010000000000000000000000000000000000000000000000000000000000000
00000010100001000011111000101000100110110010000010001111000011000001111001010011
00001000000000000000000000000000000000000000000000000000000000000000010000000000
00001000000000000000000000000010000000000000000000000000000000000000100000000000
00001001010011111110111100101110101101101110111010000101100001101011001010001011
01000010001100001010010000101011010010011100001011110011101101001110101101001001
01000010001100111001010000100011001010010101101011010100100001010010111100011010
01000010011101011000010010100001011110001100011010110101101011011010000101001001
01000100101010000111111110110001111001111010101010001000000110010101001011101101
01010010010100111010010110100101000110110101001000110011101011000010010101011001
01010010010101111011010101101011011110011100001010010101101111000110011101101011
01010010011101001010010111100001000110011101011010010000101111000010101101111010
01010110000100101000010000101011000110010100101001110110101111010110011100011010
01010110000101011000010010101011010010001100011000010000101011011010101101101010
01011010000100111010110000101101010110001100001001010000100001000010100100101000
01011110000100001011010100100011010010001100111010010100100101010010010100101000
01011110001100001000010110101111000110001100111011010010100101011010010100001000
01101010110101110100111010100010000100110010110001000011100111111000011000011111
10010101001010001011000101011101111011001101001110111100011000000000000111100000
10011101111001110011110111111110011101111001110011111111101110111111111001110011
10011110111111110111110111101110011110111111110111111111011110111100111111111111
10011111111001110111101111111111011110111011111011101111011110011101111011111111
10011111111011111011101111011111011110111111111011101111101110011101111101111011
10101101011010110111101011011110111101011010110101101011010110101101111011110101
10101101011010110111101111010110111101011011110101101011011110101101011010110111
10101101011011110111101111010110101101111010110111101011010110101101111010110101
10101101111010110101101011010110101101011011110111101111010110111101011010110111
10101101111010110101101011010110101101111010110111101111010110111101111010110111
10101101111010110101101011011110111101111011110111101011010110101101111010110101
10101101111010110101101111011110101101111010110111101111011110101101111010110111
10101101111010110111101011011110101101011011110111101111010110111101111010110111
10101101111010110111101111011110111101111010110111101111010110101101111010110111
10101101111011110101101111011110101101011010110111101011011110101101011010110101
10111011010101111000000001101110000110000101010101110111111001101001010100010010
10111100111001110111111111111111111101111101110111100111111110111111111001111111
10111100111001111111110111001111011100111011111011110111111110011101111001110111
10111100111111110011110111011111011100111101111011110111001111011101111111110011
10111101011010110111101011010110111101111011110101101111010110111101111011110111
10111101011011110101101011010110101101011011110101101011011110111101011011110101
10111101011011110101101111010110111101111010110101101011011110101101011011110101
10111101011011110111101011010110111101011011110101101011010110111101011011110101
10111101011011110111101111010110101101011010110101101111011110111101011011110111
10111101011011110111101111011110111101011011110101101011011110101101011011110101
10111101011011110111101111011110111101111010110101101011011110101101111011110101
10111101111010110101101011011110111101011011110101101111011110111101011011110111
10111101111011110101101011011110101101111010110111101111010110111101111011110101
10111101111011110101101111010110101101111011110111101111011110111101011010110111
10111101111011110111101111011110111101111011110111101111011110111101111011110111
10111101111101111111100111001111111111111011111011111111101111111110111001111111
10111110111001110111110111111111111110111111110111110111011110011110111101111011
10111111111101111111110111001110111111111101110111111111111110011111111101111011
10111111111111110111110111111111111101111001111011111111001110111101111011110111
10111111111111111111111111111111111111111111111111111111111111111111111111111111
11000010110101111011110001100001011010110101001000110101101011000110101101111011
11000010111101111000110011101101001110110101001001110011101011001110101101011011
11000110111101001001010111100011001010110101111010110111101111011110011101011011
11001010111100101011110101100101001110110101101011110111100101000110010100011001
11001010111101011011110111100101011010101101011010010001100001001010100101101001
11001110100100111001110000101111011010100100101001110111100001011110010100001001
11001110101100001000110010100101000010100101111001110010100001011010100100011000
11001110101101001001110001101011011010001100111011010100100101011110101100101010
11011100111001111011101111001110011110111111110111100111111111011110111101111011
11011100111011110011101111111111011100111011111011100111001111111100111011110111
11011101111111111011101111001110011101111001111011101111101111111101111011110111
11011110100100101011110101101111000010110101101001010010100101000110111100111010
11011110110101001010110111101101010110101100011000110011101111001110000101101001
11011110110101111001110111100101001110100101111000010100100011010010010100111010
11011110111011110011111111111110011100111101110111100111011110011101111111110011
11011111111001111111101111101110111111111011110111101111111110111110111001111111
11011111111111110011101111111110111111111101110111101111001111111110111111111011
11011111111111111011100111001110011110111011111011111111001111011100111111110011
11110110101100000001000011010001010010010001000101111010011110010111010101110100
11111100111101110111110111101110111101111001110111110111011111111110111011110111
11111100111111111011110111001110111101111101110111110111101111111110111101110011
11111101011110111100000111010111011001001101111101110000111100111111100110101100
11111101111001111011101111011111111101111001111011100111101111011111111001110011
11111110111111111111101111001111111110111111111111100111011111011100111111111111
11111111111111111111101111111111111111111111111111111111111111111111111111111111
11111111111111111111111111111111111111111111111111111111111111111111111111111111
